<?xml version="1.0" encoding="UTF-8"?>
<coverage generated="1771258656465" clover="3.2.0">
  <project timestamp="1771258656465" name="All files">
    <metrics statements="373" coveredstatements="373" conditionals="217" coveredconditionals="217" methods="82" coveredmethods="80" elements="672" coveredelements="670" complexity="0" loc="373" ncloc="373" packages="8" files="15" classes="15"/>
    <package name="components.ui">
      <metrics statements="25" coveredstatements="25" conditionals="10" coveredconditionals="10" methods="22" coveredmethods="22"/>
      <file name="alert.tsx" path="/Users/tarou/Desktop/TABBIN/components/ui/alert.tsx">
        <metrics statements="4" coveredstatements="4" conditionals="0" coveredconditionals="0" methods="3" coveredmethods="3"/>
        <line num="6" count="1" type="stmt"/>
        <line num="27" count="15" type="stmt"/>
        <line num="38" count="15" type="stmt"/>
        <line num="54" count="15" type="stmt"/>
      </file>
      <file name="button.tsx" path="/Users/tarou/Desktop/TABBIN/components/ui/button.tsx">
        <metrics statements="3" coveredstatements="3" conditionals="3" coveredconditionals="3" methods="1" coveredmethods="1"/>
        <line num="7" count="3" type="stmt"/>
        <line num="47" count="111" type="cond" truecount="2" falsecount="0"/>
        <line num="49" count="111" type="stmt"/>
      </file>
      <file name="checkbox.tsx" path="/Users/tarou/Desktop/TABBIN/components/ui/checkbox.tsx">
        <metrics statements="1" coveredstatements="1" conditionals="0" coveredconditionals="0" methods="1" coveredmethods="1"/>
        <line num="11" count="15" type="stmt"/>
      </file>
      <file name="dialog.tsx" path="/Users/tarou/Desktop/TABBIN/components/ui/dialog.tsx">
        <metrics statements="10" coveredstatements="10" conditionals="0" coveredconditionals="0" methods="10" coveredmethods="10"/>
        <line num="10" count="44" type="stmt"/>
        <line num="16" count="1" type="stmt"/>
        <line num="22" count="44" type="stmt"/>
        <line num="28" count="1" type="stmt"/>
        <line num="35" count="22" type="stmt"/>
        <line num="52" count="44" type="stmt"/>
        <line num="74" count="15" type="stmt"/>
        <line num="84" count="15" type="stmt"/>
        <line num="100" count="16" type="stmt"/>
        <line num="113" count="16" type="stmt"/>
      </file>
      <file name="label.tsx" path="/Users/tarou/Desktop/TABBIN/components/ui/label.tsx">
        <metrics statements="1" coveredstatements="1" conditionals="0" coveredconditionals="0" methods="1" coveredmethods="1"/>
        <line num="10" count="15" type="stmt"/>
      </file>
      <file name="scroll-area.tsx" path="/Users/tarou/Desktop/TABBIN/components/ui/scroll-area.tsx">
        <metrics statements="2" coveredstatements="2" conditionals="5" coveredconditionals="5" methods="2" coveredmethods="2"/>
        <line num="11" count="16" type="stmt"/>
        <line num="34" count="17" type="stmt"/>
      </file>
      <file name="tooltip.tsx" path="/Users/tarou/Desktop/TABBIN/components/ui/tooltip.tsx">
        <metrics statements="4" coveredstatements="4" conditionals="2" coveredconditionals="2" methods="4" coveredmethods="4"/>
        <line num="10" count="4" type="stmt"/>
        <line num="22" count="4" type="stmt"/>
        <line num="32" count="4" type="stmt"/>
        <line num="41" count="4" type="stmt"/>
      </file>
    </package>
    <package name="features.options">
      <metrics statements="60" coveredstatements="60" conditionals="30" coveredconditionals="30" methods="10" coveredmethods="10"/>
      <file name="ImportExportSettings.tsx" path="/Users/tarou/Desktop/TABBIN/features/options/ImportExportSettings.tsx">
        <metrics statements="60" coveredstatements="60" conditionals="30" coveredconditionals="30" methods="10" coveredmethods="10"/>
        <line num="24" count="1" type="stmt"/>
        <line num="25" count="45" type="stmt"/>
        <line num="26" count="45" type="stmt"/>
        <line num="27" count="45" type="stmt"/>
        <line num="28" count="45" type="stmt"/>
        <line num="29" count="45" type="stmt"/>
        <line num="32" count="45" type="stmt"/>
        <line num="33" count="2" type="stmt"/>
        <line num="34" count="2" type="stmt"/>
        <line num="35" count="2" type="stmt"/>
        <line num="38" count="1" type="stmt"/>
        <line num="39" count="1" type="stmt"/>
        <line num="40" count="1" type="stmt"/>
        <line num="42" count="1" type="stmt"/>
        <line num="43" count="1" type="stmt"/>
        <line num="45" count="1" type="stmt"/>
        <line num="46" count="1" type="stmt"/>
        <line num="48" count="2" type="stmt"/>
        <line num="53" count="45" type="stmt"/>
        <line num="54" count="5" type="stmt"/>
        <line num="58" count="45" type="stmt"/>
        <line num="59" count="10" type="stmt"/>
        <line num="60" count="10" type="cond" truecount="2" falsecount="0"/>
        <line num="62" count="9" type="stmt"/>
        <line num="66" count="45" type="stmt"/>
        <line num="68" count="10" type="cond" truecount="2" falsecount="0"/>
        <line num="69" count="1" type="stmt"/>
        <line num="70" count="1" type="stmt"/>
        <line num="73" count="9" type="stmt"/>
        <line num="75" count="9" type="stmt"/>
        <line num="76" count="9" type="stmt"/>
        <line num="77" count="7" type="stmt"/>
        <line num="78" count="7" type="stmt"/>
        <line num="79" count="7" type="cond" truecount="2" falsecount="0"/>
        <line num="80" count="1" type="stmt"/>
        <line num="81" count="1" type="stmt"/>
        <line num="84" count="6" type="stmt"/>
        <line num="85" count="5" type="cond" truecount="2" falsecount="0"/>
        <line num="86" count="4" type="stmt"/>
        <line num="87" count="4" type="stmt"/>
        <line num="90" count="4" type="stmt"/>
        <line num="92" count="1" type="stmt"/>
        <line num="95" count="1" type="stmt"/>
        <line num="96" count="1" type="stmt"/>
        <line num="98" count="7" type="stmt"/>
        <line num="99" count="7" type="cond" truecount="2" falsecount="0"/>
        <line num="100" count="6" type="stmt"/>
        <line num="105" count="9" type="stmt"/>
        <line num="106" count="2" type="stmt"/>
        <line num="107" count="2" type="stmt"/>
        <line num="108" count="2" type="cond" truecount="2" falsecount="0"/>
        <line num="109" count="1" type="stmt"/>
        <line num="113" count="9" type="stmt"/>
        <line num="119" count="45" type="stmt"/>
        <line num="121" count="2" type="cond" truecount="2" falsecount="0"/>
        <line num="122" count="1" type="stmt"/>
        <line num="128" count="45" type="stmt"/>
        <line num="137" count="45" type="stmt"/>
        <line num="185" count="1" type="stmt"/>
        <line num="238" count="1" type="stmt"/>
      </file>
    </package>
    <package name="features.options.hooks">
      <metrics statements="91" coveredstatements="91" conditionals="22" coveredconditionals="22" methods="22" coveredmethods="20"/>
      <file name="useCategories.ts" path="/Users/tarou/Desktop/TABBIN/features/options/hooks/useCategories.ts">
        <metrics statements="49" coveredstatements="49" conditionals="16" coveredconditionals="16" methods="11" coveredmethods="9"/>
        <line num="10" count="2" type="stmt"/>
        <line num="14" count="2" type="stmt"/>
        <line num="15" count="44" type="stmt"/>
        <line num="16" count="44" type="stmt"/>
        <line num="17" count="44" type="stmt"/>
        <line num="19" count="44" type="stmt"/>
        <line num="20" count="15" type="stmt"/>
        <line num="21" count="15" type="stmt"/>
        <line num="22" count="15" type="stmt"/>
        <line num="23" count="14" type="stmt"/>
        <line num="25" count="1" type="stmt"/>
        <line num="29" count="15" type="stmt"/>
        <line num="31" count="15" type="stmt"/>
        <line num="35" count="4" type="cond" truecount="2" falsecount="0"/>
        <line num="36" count="3" type="cond" truecount="2" falsecount="0"/>
        <line num="37" count="2" type="cond" truecount="2" falsecount="0"/>
        <line num="42" count="2" type="stmt"/>
        <line num="47" count="15" type="stmt"/>
        <line num="49" count="15" type="stmt"/>
        <line num="50" count="1" type="stmt"/>
        <line num="55" count="44" type="stmt"/>
        <line num="56" count="6" type="cond" truecount="2" falsecount="0"/>
        <line num="58" count="5" type="stmt"/>
        <line num="61" count="5" type="cond" truecount="2" falsecount="0"/>
        <line num="62" count="1" type="stmt"/>
        <line num="63" count="1" type="stmt"/>
        <line num="64" count="1" type="stmt"/>
        <line num="68" count="4" type="stmt"/>
        <line num="69" count="1" type="stmt"/>
        <line num="72" count="4" type="cond" truecount="2" falsecount="0"/>
        <line num="73" count="1" type="stmt"/>
        <line num="74" count="1" type="stmt"/>
        <line num="75" count="1" type="stmt"/>
        <line num="78" count="3" type="stmt"/>
        <line num="79" count="3" type="stmt"/>
        <line num="80" count="2" type="stmt"/>
        <line num="81" count="2" type="stmt"/>
        <line num="82" count="2" type="stmt"/>
        <line num="84" count="1" type="stmt"/>
        <line num="85" count="1" type="stmt"/>
        <line num="86" count="1" type="stmt"/>
        <line num="87" count="1" type="stmt"/>
        <line num="90" count="1" type="stmt"/>
        <line num="94" count="44" type="stmt"/>
        <line num="97" count="3" type="cond" truecount="2" falsecount="0"/>
        <line num="98" count="2" type="stmt"/>
        <line num="100" count="2" type="cond" truecount="2" falsecount="0"/>
        <line num="101" count="1" type="stmt"/>
        <line num="106" count="44" type="stmt"/>
      </file>
      <file name="useSettings.ts" path="/Users/tarou/Desktop/TABBIN/features/options/hooks/useSettings.ts">
        <metrics statements="42" coveredstatements="42" conditionals="6" coveredconditionals="6" methods="11" coveredmethods="11"/>
        <line num="9" count="2" type="stmt"/>
        <line num="10" count="29" type="stmt"/>
        <line num="11" count="29" type="stmt"/>
        <line num="13" count="29" type="stmt"/>
        <line num="14" count="11" type="stmt"/>
        <line num="15" count="11" type="stmt"/>
        <line num="16" count="11" type="stmt"/>
        <line num="17" count="11" type="stmt"/>
        <line num="18" count="10" type="stmt"/>
        <line num="20" count="1" type="stmt"/>
        <line num="21" count="1" type="stmt"/>
        <line num="23" count="11" type="stmt"/>
        <line num="27" count="11" type="stmt"/>
        <line num="29" count="11" type="stmt"/>
        <line num="33" count="4" type="cond" truecount="2" falsecount="0"/>
        <line num="34" count="3" type="cond" truecount="2" falsecount="0"/>
        <line num="35" count="2" type="cond" truecount="2" falsecount="0"/>
        <line num="37" count="1" type="stmt"/>
        <line num="41" count="1" type="stmt"/>
        <line num="47" count="11" type="stmt"/>
        <line num="50" count="11" type="stmt"/>
        <line num="51" count="1" type="stmt"/>
        <line num="55" count="29" type="stmt"/>
        <line num="56" count="3" type="stmt"/>
        <line num="58" count="3" type="stmt"/>
        <line num="60" count="9" type="stmt"/>
        <line num="62" count="3" type="stmt"/>
        <line num="64" count="1" type="stmt"/>
        <line num="68" count="29" type="stmt"/>
        <line num="72" count="2" type="stmt"/>
        <line num="73" count="2" type="stmt"/>
        <line num="78" count="2" type="stmt"/>
        <line num="79" count="2" type="stmt"/>
        <line num="80" count="1" type="stmt"/>
        <line num="82" count="1" type="stmt"/>
        <line num="83" count="1" type="stmt"/>
        <line num="87" count="29" type="stmt"/>
        <line num="91" count="3" type="stmt"/>
        <line num="92" count="3" type="stmt"/>
        <line num="98" count="29" type="stmt"/>
        <line num="99" count="1" type="stmt"/>
        <line num="102" count="29" type="stmt"/>
      </file>
    </package>
    <package name="features.options.lib">
      <metrics statements="171" coveredstatements="171" conditionals="135" coveredconditionals="135" methods="19" coveredmethods="19"/>
      <file name="import-export.ts" path="/Users/tarou/Desktop/TABBIN/features/options/lib/import-export.ts">
        <metrics statements="171" coveredstatements="171" conditionals="135" coveredconditionals="135" methods="19" coveredmethods="19"/>
        <line num="45" count="1" type="stmt"/>
        <line num="103" count="10" type="stmt"/>
        <line num="104" count="10" type="stmt"/>
        <line num="106" count="10" type="stmt"/>
        <line num="107" count="11" type="stmt"/>
        <line num="109" count="11" type="stmt"/>
        <line num="115" count="10" type="stmt"/>
        <line num="118" count="10" type="cond" truecount="2" falsecount="0"/>
        <line num="119" count="2" type="stmt"/>
        <line num="122" count="10" type="stmt"/>
        <line num="124" count="1" type="stmt"/>
        <line num="128" count="10" type="stmt"/>
        <line num="139" count="1" type="stmt"/>
        <line num="140" count="3" type="stmt"/>
        <line num="141" count="3" type="stmt"/>
        <line num="145" count="2" type="cond" truecount="2" falsecount="0"/>
        <line num="148" count="2" type="stmt"/>
        <line num="156" count="3" type="stmt"/>
        <line num="158" count="1" type="stmt"/>
        <line num="159" count="1" type="stmt"/>
        <line num="168" count="1" type="stmt"/>
        <line num="169" count="1" type="stmt"/>
        <line num="170" count="1" type="stmt"/>
        <line num="171" count="1" type="stmt"/>
        <line num="173" count="1" type="stmt"/>
        <line num="174" count="1" type="stmt"/>
        <line num="175" count="1" type="stmt"/>
        <line num="176" count="1" type="stmt"/>
        <line num="177" count="1" type="stmt"/>
        <line num="180" count="1" type="stmt"/>
        <line num="181" count="1" type="stmt"/>
        <line num="182" count="1" type="stmt"/>
        <line num="192" count="1" type="stmt"/>
        <line num="196" count="11" type="stmt"/>
        <line num="198" count="11" type="stmt"/>
        <line num="201" count="11" type="stmt"/>
        <line num="204" count="11" type="stmt"/>
        <line num="206" count="11" type="cond" truecount="2" falsecount="0"/>
        <line num="207" count="1" type="stmt"/>
        <line num="208" count="1" type="stmt"/>
        <line num="215" count="9" type="stmt"/>
        <line num="217" count="9" type="cond" truecount="2" falsecount="0"/>
        <line num="220" count="6" type="stmt"/>
        <line num="224" count="6" type="cond" truecount="2" falsecount="0"/>
        <line num="229" count="6" type="cond" truecount="2" falsecount="0"/>
        <line num="234" count="6" type="stmt"/>
        <line num="247" count="6" type="stmt"/>
        <line num="250" count="6" type="stmt"/>
        <line num="251" count="1" type="stmt"/>
        <line num="255" count="6" type="stmt"/>
        <line num="256" count="3" type="stmt"/>
        <line num="257" count="3" type="cond" truecount="2" falsecount="0"/>
        <line num="260" count="1" type="stmt"/>
        <line num="276" count="2" type="stmt"/>
        <line num="277" count="2" type="stmt"/>
        <line num="282" count="6" type="stmt"/>
        <line num="287" count="6" type="stmt"/>
        <line num="290" count="6" type="stmt"/>
        <line num="291" count="4" type="stmt"/>
        <line num="295" count="6" type="stmt"/>
        <line num="296" count="7" type="stmt"/>
        <line num="298" count="7" type="cond" truecount="2" falsecount="0"/>
        <line num="300" count="4" type="stmt"/>
        <line num="303" count="4" type="stmt"/>
        <line num="308" count="4" type="stmt"/>
        <line num="311" count="4" type="cond" truecount="2" falsecount="0"/>
        <line num="312" count="3" type="stmt"/>
        <line num="315" count="6" type="cond" truecount="4" falsecount="0"/>
        <line num="322" count="6" type="stmt"/>
        <line num="326" count="6" type="stmt"/>
        <line num="337" count="4" type="cond" truecount="2" falsecount="0"/>
        <line num="338" count="4" type="stmt"/>
        <line num="343" count="4" type="stmt"/>
        <line num="344" count="4" type="cond" truecount="2" falsecount="0"/>
        <line num="345" count="3" type="stmt"/>
        <line num="350" count="4" type="cond" truecount="2" falsecount="0"/>
        <line num="351" count="1" type="stmt"/>
        <line num="358" count="4" type="cond" truecount="2" falsecount="0"/>
        <line num="359" count="4" type="stmt"/>
        <line num="364" count="4" type="stmt"/>
        <line num="365" count="4" type="stmt"/>
        <line num="366" count="3" type="stmt"/>
        <line num="369" count="4" type="stmt"/>
        <line num="370" count="6" type="cond" truecount="2" falsecount="0"/>
        <line num="372" count="4" type="stmt"/>
        <line num="373" count="4" type="cond" truecount="2" falsecount="0"/>
        <line num="374" count="3" type="stmt"/>
        <line num="385" count="2" type="stmt"/>
        <line num="390" count="4" type="stmt"/>
        <line num="394" count="4" type="stmt"/>
        <line num="395" count="4" type="stmt"/>
        <line num="398" count="4" type="cond" truecount="4" falsecount="0"/>
        <line num="399" count="2" type="stmt"/>
        <line num="401" count="7" type="cond" truecount="2" falsecount="0"/>
        <line num="407" count="3" type="cond" truecount="2" falsecount="0"/>
        <line num="408" count="2" type="stmt"/>
        <line num="409" count="2" type="stmt"/>
        <line num="411" count="4" type="cond" truecount="2" falsecount="0"/>
        <line num="414" count="3" type="cond" truecount="2" falsecount="0"/>
        <line num="415" count="2" type="stmt"/>
        <line num="416" count="2" type="stmt"/>
        <line num="423" count="4" type="cond" truecount="4" falsecount="0"/>
        <line num="424" count="2" type="stmt"/>
        <line num="426" count="8" type="cond" truecount="2" falsecount="0"/>
        <line num="432" count="4" type="cond" truecount="2" falsecount="0"/>
        <line num="433" count="2" type="stmt"/>
        <line num="434" count="2" type="stmt"/>
        <line num="436" count="4" type="cond" truecount="2" falsecount="0"/>
        <line num="439" count="3" type="cond" truecount="2" falsecount="0"/>
        <line num="440" count="2" type="stmt"/>
        <line num="441" count="2" type="stmt"/>
        <line num="447" count="4" type="stmt"/>
        <line num="451" count="4" type="stmt"/>
        <line num="478" count="3" type="stmt"/>
        <line num="481" count="3" type="stmt"/>
        <line num="486" count="3" type="stmt"/>
        <line num="489" count="3" type="cond" truecount="2" falsecount="0"/>
        <line num="490" count="2" type="stmt"/>
        <line num="493" count="2" type="cond" truecount="4" falsecount="0"/>
        <line num="500" count="2" type="stmt"/>
        <line num="504" count="2" type="stmt"/>
        <line num="515" count="3" type="stmt"/>
        <line num="518" count="3" type="cond" truecount="4" falsecount="0"/>
        <line num="520" count="2" type="stmt"/>
        <line num="521" count="2" type="stmt"/>
        <line num="523" count="2" type="stmt"/>
        <line num="525" count="8" type="cond" truecount="2" falsecount="0"/>
        <line num="531" count="4" type="cond" truecount="2" falsecount="0"/>
        <line num="532" count="2" type="stmt"/>
        <line num="533" count="2" type="stmt"/>
        <line num="535" count="4" type="cond" truecount="2" falsecount="0"/>
        <line num="538" count="3" type="cond" truecount="2" falsecount="0"/>
        <line num="539" count="2" type="stmt"/>
        <line num="540" count="2" type="stmt"/>
        <line num="545" count="2" type="stmt"/>
        <line num="549" count="3" type="stmt"/>
        <line num="567" count="6" type="stmt"/>
        <line num="570" count="6" type="stmt"/>
        <line num="577" count="6" type="stmt"/>
        <line num="580" count="6" type="stmt"/>
        <line num="581" count="3" type="stmt"/>
        <line num="585" count="6" type="stmt"/>
        <line num="586" count="4" type="stmt"/>
        <line num="588" count="6" type="stmt"/>
        <line num="589" count="7" type="stmt"/>
        <line num="592" count="6" type="stmt"/>
        <line num="605" count="3" type="stmt"/>
        <line num="607" count="2" type="stmt"/>
        <line num="608" count="2" type="stmt"/>
        <line num="612" count="3" type="stmt"/>
        <line num="614" count="3" type="stmt"/>
        <line num="617" count="3" type="stmt"/>
        <line num="620" count="3" type="stmt"/>
        <line num="621" count="3" type="cond" truecount="4" falsecount="0"/>
        <line num="622" count="2" type="stmt"/>
        <line num="623" count="4" type="cond" truecount="2" falsecount="0"/>
        <line num="630" count="2" type="stmt"/>
        <line num="634" count="2" type="stmt"/>
        <line num="646" count="3" type="stmt"/>
        <line num="647" count="3" type="cond" truecount="4" falsecount="0"/>
        <line num="648" count="2" type="stmt"/>
        <line num="650" count="6" type="cond" truecount="2" falsecount="0"/>
        <line num="656" count="2" type="stmt"/>
        <line num="657" count="4" type="cond" truecount="2" falsecount="0"/>
        <line num="660" count="2" type="stmt"/>
        <line num="665" count="3" type="stmt"/>
        <line num="680" count="3" type="stmt"/>
        <line num="687" count="3" type="stmt"/>
        <line num="689" count="3" type="stmt"/>
        <line num="694" count="1" type="stmt"/>
        <line num="695" count="1" type="stmt"/>
      </file>
    </package>
    <package name="features.saved-tabs.components">
      <metrics statements="2" coveredstatements="2" conditionals="2" coveredconditionals="2" methods="3" coveredmethods="3"/>
      <file name="Footer.tsx" path="/Users/tarou/Desktop/TABBIN/features/saved-tabs/components/Footer.tsx">
        <metrics statements="2" coveredstatements="2" conditionals="2" coveredconditionals="2" methods="3" coveredmethods="3"/>
        <line num="14" count="1" type="stmt"/>
        <line num="18" count="2" type="stmt"/>
      </file>
    </package>
    <package name="features.saved-tabs.hooks">
      <metrics statements="8" coveredstatements="8" conditionals="4" coveredconditionals="4" methods="3" coveredmethods="3"/>
      <file name="useSortOrder.ts" path="/Users/tarou/Desktop/TABBIN/features/saved-tabs/hooks/useSortOrder.ts">
        <metrics statements="8" coveredstatements="8" conditionals="4" coveredconditionals="4" methods="3" coveredmethods="3"/>
        <line num="13" count="5" type="stmt"/>
        <line num="15" count="5" type="stmt"/>
        <line num="16" count="5" type="cond" truecount="2" falsecount="0"/>
        <line num="17" count="2" type="stmt"/>
        <line num="18" count="8" type="stmt"/>
        <line num="19" count="2" type="cond" truecount="2" falsecount="0"/>
        <line num="20" count="2" type="stmt"/>
        <line num="23" count="5" type="stmt"/>
      </file>
    </package>
    <package name="lib">
      <metrics statements="1" coveredstatements="1" conditionals="0" coveredconditionals="0" methods="1" coveredmethods="1"/>
      <file name="utils.ts" path="/Users/tarou/Desktop/TABBIN/lib/utils.ts">
        <metrics statements="1" coveredstatements="1" conditionals="0" coveredconditionals="0" methods="1" coveredmethods="1"/>
        <line num="5" count="351" type="stmt"/>
      </file>
    </package>
    <package name="utils">
      <metrics statements="15" coveredstatements="15" conditionals="14" coveredconditionals="14" methods="2" coveredmethods="2"/>
      <file name="isPeriodShortening.ts" path="/Users/tarou/Desktop/TABBIN/utils/isPeriodShortening.ts">
        <metrics statements="15" coveredstatements="15" conditionals="14" coveredconditionals="14" methods="2" coveredmethods="2"/>
        <line num="7" count="13" type="cond" truecount="2" falsecount="0"/>
        <line num="10" count="12" type="cond" truecount="2" falsecount="0"/>
        <line num="13" count="11" type="stmt"/>
        <line num="14" count="22" type="cond" truecount="10" falsecount="0"/>
        <line num="16" count="2" type="stmt"/>
        <line num="18" count="2" type="stmt"/>
        <line num="20" count="2" type="stmt"/>
        <line num="22" count="4" type="stmt"/>
        <line num="24" count="3" type="stmt"/>
        <line num="26" count="1" type="stmt"/>
        <line num="28" count="2" type="stmt"/>
        <line num="30" count="2" type="stmt"/>
        <line num="32" count="2" type="stmt"/>
        <line num="34" count="2" type="stmt"/>
        <line num="38" count="11" type="stmt"/>
      </file>
    </package>
  </project>
</coverage>
