{
  "/Users/tarou/Desktop/TABBIN/components/ui/alert.tsx": {
    "path": "/Users/tarou/Desktop/TABBIN/components/ui/alert.tsx",
    "statementMap": {
      "0": {
        "start": { "line": 6, "column": 6 },
        "end": { "line": 20, "column": null }
      },
      "1": {
        "start": { "line": 27, "column": 2 },
        "end": { "line": 33, "column": null }
      },
      "2": {
        "start": { "line": 38, "column": 2 },
        "end": { "line": 46, "column": null }
      },
      "3": {
        "start": { "line": 54, "column": 2 },
        "end": { "line": 62, "column": null }
      }
    },
    "fnMap": {
      "0": {
        "name": "Alert",
        "decl": {
          "start": { "line": 22, "column": 9 },
          "end": { "line": 22, "column": 15 }
        },
        "loc": {
          "start": { "line": 26, "column": 69 },
          "end": { "line": 35, "column": null }
        },
        "line": 26
      },
      "1": {
        "name": "AlertTitle",
        "decl": {
          "start": { "line": 37, "column": 9 },
          "end": { "line": 37, "column": 20 }
        },
        "loc": {
          "start": { "line": 37, "column": 74 },
          "end": { "line": 48, "column": null }
        },
        "line": 37
      },
      "2": {
        "name": "AlertDescription",
        "decl": {
          "start": { "line": 50, "column": 9 },
          "end": { "line": 50, "column": 26 }
        },
        "loc": {
          "start": { "line": 53, "column": 32 },
          "end": { "line": 64, "column": null }
        },
        "line": 53
      }
    },
    "branchMap": {},
    "s": { "0": 1, "1": 15, "2": 15, "3": 15 },
    "f": { "0": 15, "1": 15, "2": 15 },
    "b": {},
    "meta": {
      "lastBranch": 0,
      "lastFunction": 3,
      "lastStatement": 4,
      "seen": {
        "s:6:6:20:Infinity": 0,
        "f:22:9:22:15": 0,
        "s:27:2:33:Infinity": 1,
        "f:37:9:37:20": 1,
        "s:38:2:46:Infinity": 2,
        "f:50:9:50:26": 2,
        "s:54:2:62:Infinity": 3
      }
    }
  },
  "/Users/tarou/Desktop/TABBIN/components/ui/button.tsx": {
    "path": "/Users/tarou/Desktop/TABBIN/components/ui/button.tsx",
    "statementMap": {
      "0": {
        "start": { "line": 7, "column": 6 },
        "end": { "line": 35, "column": null }
      },
      "1": {
        "start": { "line": 47, "column": 15 },
        "end": { "line": 47, "column": null }
      },
      "2": {
        "start": { "line": 49, "column": 2 },
        "end": { "line": 54, "column": null }
      }
    },
    "fnMap": {
      "0": {
        "name": "Button",
        "decl": {
          "start": { "line": 37, "column": 9 },
          "end": { "line": 37, "column": 16 }
        },
        "loc": {
          "start": { "line": 46, "column": 5 },
          "end": { "line": 56, "column": null }
        },
        "line": 46
      }
    },
    "branchMap": {
      "0": {
        "loc": {
          "start": { "line": 41, "column": 2 },
          "end": { "line": 41, "column": null }
        },
        "type": "default-arg",
        "locations": [
          {
            "start": { "line": 41, "column": 12 },
            "end": { "line": 41, "column": null }
          }
        ],
        "line": 41
      },
      "1": {
        "loc": {
          "start": { "line": 47, "column": 15 },
          "end": { "line": 47, "column": null }
        },
        "type": "cond-expr",
        "locations": [
          {
            "start": { "line": 47, "column": 25 },
            "end": { "line": 47, "column": 32 }
          },
          {
            "start": { "line": 47, "column": 32 },
            "end": { "line": 47, "column": null }
          }
        ],
        "line": 47
      }
    },
    "s": { "0": 3, "1": 111, "2": 111 },
    "f": { "0": 111 },
    "b": { "0": [111], "1": [1, 110] },
    "meta": {
      "lastBranch": 2,
      "lastFunction": 1,
      "lastStatement": 3,
      "seen": {
        "s:7:6:35:Infinity": 0,
        "f:37:9:37:16": 0,
        "b:41:12:41:Infinity": 0,
        "s:47:15:47:Infinity": 1,
        "b:47:25:47:32:47:32:47:Infinity": 1,
        "s:49:2:54:Infinity": 2
      }
    }
  },
  "/Users/tarou/Desktop/TABBIN/components/ui/checkbox.tsx": {
    "path": "/Users/tarou/Desktop/TABBIN/components/ui/checkbox.tsx",
    "statementMap": {
      "0": {
        "start": { "line": 11, "column": 2 },
        "end": { "line": 26, "column": null }
      }
    },
    "fnMap": {
      "0": {
        "name": "Checkbox",
        "decl": {
          "start": { "line": 7, "column": 9 },
          "end": { "line": 7, "column": 18 }
        },
        "loc": {
          "start": { "line": 10, "column": 56 },
          "end": { "line": 28, "column": null }
        },
        "line": 10
      }
    },
    "branchMap": {},
    "s": { "0": 15 },
    "f": { "0": 15 },
    "b": {},
    "meta": {
      "lastBranch": 0,
      "lastFunction": 1,
      "lastStatement": 1,
      "seen": { "f:7:9:7:18": 0, "s:11:2:26:Infinity": 0 }
    }
  },
  "/Users/tarou/Desktop/TABBIN/components/ui/dialog.tsx": {
    "path": "/Users/tarou/Desktop/TABBIN/components/ui/dialog.tsx",
    "statementMap": {
      "0": {
        "start": { "line": 10, "column": 2 },
        "end": { "line": 10, "column": null }
      },
      "1": {
        "start": { "line": 16, "column": 2 },
        "end": { "line": 16, "column": null }
      },
      "2": {
        "start": { "line": 22, "column": 2 },
        "end": { "line": 22, "column": null }
      },
      "3": {
        "start": { "line": 28, "column": 2 },
        "end": { "line": 28, "column": null }
      },
      "4": {
        "start": { "line": 35, "column": 2 },
        "end": { "line": 43, "column": null }
      },
      "5": {
        "start": { "line": 52, "column": 2 },
        "end": { "line": 69, "column": null }
      },
      "6": {
        "start": { "line": 74, "column": 2 },
        "end": { "line": 79, "column": null }
      },
      "7": {
        "start": { "line": 84, "column": 2 },
        "end": { "line": 92, "column": null }
      },
      "8": {
        "start": { "line": 100, "column": 2 },
        "end": { "line": 105, "column": null }
      },
      "9": {
        "start": { "line": 113, "column": 2 },
        "end": { "line": 118, "column": null }
      }
    },
    "fnMap": {
      "0": {
        "name": "Dialog",
        "decl": {
          "start": { "line": 7, "column": 9 },
          "end": { "line": 7, "column": 16 }
        },
        "loc": {
          "start": { "line": 9, "column": 54 },
          "end": { "line": 11, "column": null }
        },
        "line": 9
      },
      "1": {
        "name": "DialogTrigger",
        "decl": {
          "start": { "line": 13, "column": 9 },
          "end": { "line": 13, "column": 23 }
        },
        "loc": {
          "start": { "line": 15, "column": 57 },
          "end": { "line": 17, "column": null }
        },
        "line": 15
      },
      "2": {
        "name": "DialogPortal",
        "decl": {
          "start": { "line": 19, "column": 9 },
          "end": { "line": 19, "column": 22 }
        },
        "loc": {
          "start": { "line": 21, "column": 56 },
          "end": { "line": 23, "column": null }
        },
        "line": 21
      },
      "3": {
        "name": "DialogClose",
        "decl": {
          "start": { "line": 25, "column": 9 },
          "end": { "line": 25, "column": 21 }
        },
        "loc": {
          "start": { "line": 27, "column": 55 },
          "end": { "line": 29, "column": null }
        },
        "line": 27
      },
      "4": {
        "name": "DialogOverlay",
        "decl": {
          "start": { "line": 31, "column": 9 },
          "end": { "line": 31, "column": 23 }
        },
        "loc": {
          "start": { "line": 34, "column": 57 },
          "end": { "line": 45, "column": null }
        },
        "line": 34
      },
      "5": {
        "name": "DialogContent",
        "decl": {
          "start": { "line": 47, "column": 9 },
          "end": { "line": 47, "column": 23 }
        },
        "loc": {
          "start": { "line": 51, "column": 57 },
          "end": { "line": 71, "column": null }
        },
        "line": 51
      },
      "6": {
        "name": "DialogHeader",
        "decl": {
          "start": { "line": 73, "column": 9 },
          "end": { "line": 73, "column": 22 }
        },
        "loc": {
          "start": { "line": 73, "column": 76 },
          "end": { "line": 81, "column": null }
        },
        "line": 73
      },
      "7": {
        "name": "DialogFooter",
        "decl": {
          "start": { "line": 83, "column": 9 },
          "end": { "line": 83, "column": 22 }
        },
        "loc": {
          "start": { "line": 83, "column": 76 },
          "end": { "line": 94, "column": null }
        },
        "line": 83
      },
      "8": {
        "name": "DialogTitle",
        "decl": {
          "start": { "line": 96, "column": 9 },
          "end": { "line": 96, "column": 21 }
        },
        "loc": {
          "start": { "line": 99, "column": 55 },
          "end": { "line": 107, "column": null }
        },
        "line": 99
      },
      "9": {
        "name": "DialogDescription",
        "decl": {
          "start": { "line": 109, "column": 9 },
          "end": { "line": 109, "column": 27 }
        },
        "loc": {
          "start": { "line": 112, "column": 61 },
          "end": { "line": 120, "column": null }
        },
        "line": 112
      }
    },
    "branchMap": {},
    "s": {
      "0": 44,
      "1": 1,
      "2": 44,
      "3": 1,
      "4": 22,
      "5": 44,
      "6": 15,
      "7": 15,
      "8": 16,
      "9": 16
    },
    "f": {
      "0": 44,
      "1": 1,
      "2": 44,
      "3": 1,
      "4": 22,
      "5": 44,
      "6": 15,
      "7": 15,
      "8": 16,
      "9": 16
    },
    "b": {},
    "meta": {
      "lastBranch": 0,
      "lastFunction": 10,
      "lastStatement": 10,
      "seen": {
        "f:7:9:7:16": 0,
        "s:10:2:10:Infinity": 0,
        "f:13:9:13:23": 1,
        "s:16:2:16:Infinity": 1,
        "f:19:9:19:22": 2,
        "s:22:2:22:Infinity": 2,
        "f:25:9:25:21": 3,
        "s:28:2:28:Infinity": 3,
        "f:31:9:31:23": 4,
        "s:35:2:43:Infinity": 4,
        "f:47:9:47:23": 5,
        "s:52:2:69:Infinity": 5,
        "f:73:9:73:22": 6,
        "s:74:2:79:Infinity": 6,
        "f:83:9:83:22": 7,
        "s:84:2:92:Infinity": 7,
        "f:96:9:96:21": 8,
        "s:100:2:105:Infinity": 8,
        "f:109:9:109:27": 9,
        "s:113:2:118:Infinity": 9
      }
    }
  },
  "/Users/tarou/Desktop/TABBIN/components/ui/label.tsx": {
    "path": "/Users/tarou/Desktop/TABBIN/components/ui/label.tsx",
    "statementMap": {
      "0": {
        "start": { "line": 10, "column": 2 },
        "end": { "line": 18, "column": null }
      }
    },
    "fnMap": {
      "0": {
        "name": "Label",
        "decl": {
          "start": { "line": 6, "column": 9 },
          "end": { "line": 6, "column": 15 }
        },
        "loc": {
          "start": { "line": 9, "column": 53 },
          "end": { "line": 20, "column": null }
        },
        "line": 9
      }
    },
    "branchMap": {},
    "s": { "0": 15 },
    "f": { "0": 15 },
    "b": {},
    "meta": {
      "lastBranch": 0,
      "lastFunction": 1,
      "lastStatement": 1,
      "seen": { "f:6:9:6:15": 0, "s:10:2:18:Infinity": 0 }
    }
  },
  "/Users/tarou/Desktop/TABBIN/components/ui/scroll-area.tsx": {
    "path": "/Users/tarou/Desktop/TABBIN/components/ui/scroll-area.tsx",
    "statementMap": {
      "0": {
        "start": { "line": 11, "column": 2 },
        "end": { "line": 25, "column": null }
      },
      "1": {
        "start": { "line": 34, "column": 2 },
        "end": { "line": 52, "column": null }
      }
    },
    "fnMap": {
      "0": {
        "name": "ScrollArea",
        "decl": {
          "start": { "line": 6, "column": 9 },
          "end": { "line": 6, "column": 20 }
        },
        "loc": {
          "start": { "line": 10, "column": 58 },
          "end": { "line": 27, "column": null }
        },
        "line": 10
      },
      "1": {
        "name": "ScrollBar",
        "decl": {
          "start": { "line": 29, "column": 9 },
          "end": { "line": 29, "column": 19 }
        },
        "loc": {
          "start": { "line": 33, "column": 73 },
          "end": { "line": 54, "column": null }
        },
        "line": 33
      }
    },
    "branchMap": {
      "0": {
        "loc": {
          "start": { "line": 31, "column": 2 },
          "end": { "line": 31, "column": null }
        },
        "type": "default-arg",
        "locations": [
          {
            "start": { "line": 31, "column": 16 },
            "end": { "line": 31, "column": null }
          }
        ],
        "line": 31
      },
      "1": {
        "loc": {
          "start": { "line": 40, "column": 8 },
          "end": { "line": 41, "column": null }
        },
        "type": "binary-expr",
        "locations": [
          {
            "start": { "line": 40, "column": 8 },
            "end": { "line": 40, "column": null }
          },
          {
            "start": { "line": 41, "column": 10 },
            "end": { "line": 41, "column": null }
          }
        ],
        "line": 40
      },
      "2": {
        "loc": {
          "start": { "line": 42, "column": 8 },
          "end": { "line": 43, "column": null }
        },
        "type": "binary-expr",
        "locations": [
          {
            "start": { "line": 42, "column": 8 },
            "end": { "line": 42, "column": null }
          },
          {
            "start": { "line": 43, "column": 10 },
            "end": { "line": 43, "column": null }
          }
        ],
        "line": 42
      }
    },
    "s": { "0": 16, "1": 17 },
    "f": { "0": 16, "1": 17 },
    "b": { "0": [17], "1": [17, 16], "2": [17, 1] },
    "meta": {
      "lastBranch": 3,
      "lastFunction": 2,
      "lastStatement": 2,
      "seen": {
        "f:6:9:6:20": 0,
        "s:11:2:25:Infinity": 0,
        "f:29:9:29:19": 1,
        "b:31:16:31:Infinity": 0,
        "s:34:2:52:Infinity": 1,
        "b:40:8:40:Infinity:41:10:41:Infinity": 1,
        "b:42:8:42:Infinity:43:10:43:Infinity": 2
      }
    }
  },
  "/Users/tarou/Desktop/TABBIN/components/ui/tooltip.tsx": {
    "path": "/Users/tarou/Desktop/TABBIN/components/ui/tooltip.tsx",
    "statementMap": {
      "0": {
        "start": { "line": 10, "column": 2 },
        "end": { "line": 15, "column": null }
      },
      "1": {
        "start": { "line": 22, "column": 2 },
        "end": { "line": 25, "column": null }
      },
      "2": {
        "start": { "line": 32, "column": 2 },
        "end": { "line": 32, "column": null }
      },
      "3": {
        "start": { "line": 41, "column": 2 },
        "end": { "line": 55, "column": null }
      }
    },
    "fnMap": {
      "0": {
        "name": "TooltipProvider",
        "decl": {
          "start": { "line": 6, "column": 9 },
          "end": { "line": 6, "column": 25 }
        },
        "loc": {
          "start": { "line": 9, "column": 59 },
          "end": { "line": 17, "column": null }
        },
        "line": 9
      },
      "1": {
        "name": "Tooltip",
        "decl": {
          "start": { "line": 19, "column": 9 },
          "end": { "line": 19, "column": 17 }
        },
        "loc": {
          "start": { "line": 21, "column": 55 },
          "end": { "line": 27, "column": null }
        },
        "line": 21
      },
      "2": {
        "name": "TooltipTrigger",
        "decl": {
          "start": { "line": 29, "column": 9 },
          "end": { "line": 29, "column": 24 }
        },
        "loc": {
          "start": { "line": 31, "column": 58 },
          "end": { "line": 33, "column": null }
        },
        "line": 31
      },
      "3": {
        "name": "TooltipContent",
        "decl": {
          "start": { "line": 35, "column": 9 },
          "end": { "line": 35, "column": 24 }
        },
        "loc": {
          "start": { "line": 40, "column": 58 },
          "end": { "line": 57, "column": null }
        },
        "line": 40
      }
    },
    "branchMap": {
      "0": {
        "loc": {
          "start": { "line": 7, "column": 2 },
          "end": { "line": 7, "column": null }
        },
        "type": "default-arg",
        "locations": [
          {
            "start": { "line": 7, "column": 18 },
            "end": { "line": 7, "column": null }
          }
        ],
        "line": 7
      },
      "1": {
        "loc": {
          "start": { "line": 37, "column": 2 },
          "end": { "line": 37, "column": null }
        },
        "type": "default-arg",
        "locations": [
          {
            "start": { "line": 37, "column": 15 },
            "end": { "line": 37, "column": null }
          }
        ],
        "line": 37
      }
    },
    "s": { "0": 4, "1": 4, "2": 4, "3": 4 },
    "f": { "0": 4, "1": 4, "2": 4, "3": 4 },
    "b": { "0": [4], "1": [4] },
    "meta": {
      "lastBranch": 2,
      "lastFunction": 4,
      "lastStatement": 4,
      "seen": {
        "f:6:9:6:25": 0,
        "b:7:18:7:Infinity": 0,
        "s:10:2:15:Infinity": 0,
        "f:19:9:19:17": 1,
        "s:22:2:25:Infinity": 1,
        "f:29:9:29:24": 2,
        "s:32:2:32:Infinity": 2,
        "f:35:9:35:24": 3,
        "b:37:15:37:Infinity": 1,
        "s:41:2:55:Infinity": 3
      }
    }
  },
  "/Users/tarou/Desktop/TABBIN/features/options/ImportExportSettings.tsx": {
    "path": "/Users/tarou/Desktop/TABBIN/features/options/ImportExportSettings.tsx",
    "statementMap": {
      "0": {
        "start": { "line": 24, "column": 46 },
        "end": { "line": 249, "column": null }
      },
      "1": {
        "start": { "line": 25, "column": 36 },
        "end": { "line": 25, "column": null }
      },
      "2": {
        "start": { "line": 26, "column": 36 },
        "end": { "line": 26, "column": null }
      },
      "3": {
        "start": { "line": 27, "column": 46 },
        "end": { "line": 27, "column": null }
      },
      "4": {
        "start": { "line": 28, "column": 8 },
        "end": { "line": 28, "column": null }
      },
      "5": {
        "start": { "line": 29, "column": 32 },
        "end": { "line": 29, "column": null }
      },
      "6": {
        "start": { "line": 32, "column": 23 },
        "end": { "line": 50, "column": null }
      },
      "7": {
        "start": { "line": 33, "column": 4 },
        "end": { "line": 49, "column": null }
      },
      "8": {
        "start": { "line": 34, "column": 6 },
        "end": { "line": 34, "column": null }
      },
      "9": {
        "start": { "line": 35, "column": 19 },
        "end": { "line": 35, "column": null }
      },
      "10": {
        "start": { "line": 38, "column": 19 },
        "end": { "line": 38, "column": null }
      },
      "11": {
        "start": { "line": 39, "column": 28 },
        "end": { "line": 39, "column": null }
      },
      "12": {
        "start": { "line": 40, "column": 23 },
        "end": { "line": 40, "column": null }
      },
      "13": {
        "start": { "line": 42, "column": 6 },
        "end": { "line": 42, "column": null }
      },
      "14": {
        "start": { "line": 43, "column": 6 },
        "end": { "line": 43, "column": null }
      },
      "15": {
        "start": { "line": 45, "column": 6 },
        "end": { "line": 45, "column": null }
      },
      "16": {
        "start": { "line": 46, "column": 6 },
        "end": { "line": 46, "column": null }
      },
      "17": {
        "start": { "line": 48, "column": 6 },
        "end": { "line": 48, "column": null }
      },
      "18": {
        "start": { "line": 53, "column": 33 },
        "end": { "line": 55, "column": null }
      },
      "19": {
        "start": { "line": 54, "column": 4 },
        "end": { "line": 54, "column": null }
      },
      "20": {
        "start": { "line": 58, "column": 27 },
        "end": { "line": 63, "column": null }
      },
      "21": {
        "start": { "line": 59, "column": 17 },
        "end": { "line": 59, "column": null }
      },
      "22": {
        "start": { "line": 60, "column": 4 },
        "end": { "line": 60, "column": null }
      },
      "23": {
        "start": { "line": 60, "column": 15 },
        "end": { "line": 60, "column": null }
      },
      "24": {
        "start": { "line": 62, "column": 4 },
        "end": { "line": 62, "column": null }
      },
      "25": {
        "start": { "line": 66, "column": 8 },
        "end": { "line": 116, "column": null }
      },
      "26": {
        "start": { "line": 68, "column": 6 },
        "end": { "line": 71, "column": null }
      },
      "27": {
        "start": { "line": 69, "column": 8 },
        "end": { "line": 69, "column": null }
      },
      "28": {
        "start": { "line": 70, "column": 8 },
        "end": { "line": 70, "column": null }
      },
      "29": {
        "start": { "line": 73, "column": 6 },
        "end": { "line": 73, "column": null }
      },
      "30": {
        "start": { "line": 75, "column": 21 },
        "end": { "line": 75, "column": null }
      },
      "31": {
        "start": { "line": 76, "column": 6 },
        "end": { "line": 103, "column": null }
      },
      "32": {
        "start": { "line": 77, "column": 8 },
        "end": { "line": 102, "column": null }
      },
      "33": {
        "start": { "line": 78, "column": 26 },
        "end": { "line": 78, "column": null }
      },
      "34": {
        "start": { "line": 79, "column": 10 },
        "end": { "line": 82, "column": null }
      },
      "35": {
        "start": { "line": 80, "column": 12 },
        "end": { "line": 80, "column": null }
      },
      "36": {
        "start": { "line": 81, "column": 12 },
        "end": { "line": 81, "column": null }
      },
      "37": {
        "start": { "line": 84, "column": 25 },
        "end": { "line": 84, "column": null }
      },
      "38": {
        "start": { "line": 85, "column": 10 },
        "end": { "line": 93, "column": null }
      },
      "39": {
        "start": { "line": 86, "column": 12 },
        "end": { "line": 86, "column": null }
      },
      "40": {
        "start": { "line": 87, "column": 12 },
        "end": { "line": 87, "column": null }
      },
      "41": {
        "start": { "line": 90, "column": 12 },
        "end": { "line": 90, "column": null }
      },
      "42": {
        "start": { "line": 92, "column": 12 },
        "end": { "line": 92, "column": null }
      },
      "43": {
        "start": { "line": 95, "column": 10 },
        "end": { "line": 95, "column": null }
      },
      "44": {
        "start": { "line": 96, "column": 10 },
        "end": { "line": 96, "column": null }
      },
      "45": {
        "start": { "line": 98, "column": 10 },
        "end": { "line": 98, "column": null }
      },
      "46": {
        "start": { "line": 99, "column": 10 },
        "end": { "line": 101, "column": null }
      },
      "47": {
        "start": { "line": 100, "column": 12 },
        "end": { "line": 100, "column": null }
      },
      "48": {
        "start": { "line": 105, "column": 6 },
        "end": { "line": 111, "column": null }
      },
      "49": {
        "start": { "line": 106, "column": 8 },
        "end": { "line": 106, "column": null }
      },
      "50": {
        "start": { "line": 107, "column": 8 },
        "end": { "line": 107, "column": null }
      },
      "51": {
        "start": { "line": 108, "column": 8 },
        "end": { "line": 110, "column": null }
      },
      "52": {
        "start": { "line": 109, "column": 10 },
        "end": { "line": 109, "column": null }
      },
      "53": {
        "start": { "line": 113, "column": 6 },
        "end": { "line": 113, "column": null }
      },
      "54": {
        "start": { "line": 119, "column": 8 },
        "end": { "line": 126, "column": null }
      },
      "55": {
        "start": { "line": 121, "column": 6 },
        "end": { "line": 123, "column": null }
      },
      "56": {
        "start": { "line": 122, "column": 8 },
        "end": { "line": 122, "column": null }
      },
      "57": {
        "start": { "line": 128, "column": 52 },
        "end": { "line": 135, "column": null }
      },
      "58": {
        "start": { "line": 137, "column": 2 },
        "end": { "line": 247, "column": null }
      },
      "59": {
        "start": { "line": 185, "column": 46 },
        "end": { "line": 185, "column": null }
      },
      "60": {
        "start": { "line": 238, "column": 29 },
        "end": { "line": 238, "column": null }
      }
    },
    "fnMap": {
      "0": {
        "name": "(anonymous_0)",
        "decl": {
          "start": { "line": 24, "column": 46 },
          "end": { "line": 24, "column": 52 }
        },
        "loc": {
          "start": { "line": 24, "column": 52 },
          "end": { "line": 249, "column": null }
        },
        "line": 24
      },
      "1": {
        "name": "(anonymous_1)",
        "decl": {
          "start": { "line": 32, "column": 23 },
          "end": { "line": 32, "column": 35 }
        },
        "loc": {
          "start": { "line": 32, "column": 35 },
          "end": { "line": 50, "column": null }
        },
        "line": 32
      },
      "2": {
        "name": "(anonymous_2)",
        "decl": {
          "start": { "line": 53, "column": 33 },
          "end": { "line": 53, "column": 39 }
        },
        "loc": {
          "start": { "line": 53, "column": 39 },
          "end": { "line": 55, "column": null }
        },
        "line": 53
      },
      "3": {
        "name": "(anonymous_3)",
        "decl": {
          "start": { "line": 58, "column": 27 },
          "end": { "line": 58, "column": 28 }
        },
        "loc": {
          "start": { "line": 58, "column": 71 },
          "end": { "line": 63, "column": null }
        },
        "line": 58
      },
      "4": {
        "name": "(anonymous_4)",
        "decl": {
          "start": { "line": 67, "column": 4 },
          "end": { "line": 67, "column": 5 }
        },
        "loc": {
          "start": { "line": 67, "column": 20 },
          "end": { "line": 114, "column": null }
        },
        "line": 67
      },
      "5": {
        "name": "(anonymous_5)",
        "decl": {
          "start": { "line": 76, "column": 22 },
          "end": { "line": 76, "column": 28 }
        },
        "loc": {
          "start": { "line": 76, "column": 37 },
          "end": { "line": 103, "column": null }
        },
        "line": 76
      },
      "6": {
        "name": "(anonymous_6)",
        "decl": {
          "start": { "line": 105, "column": 23 },
          "end": { "line": 105, "column": 29 }
        },
        "loc": {
          "start": { "line": 105, "column": 29 },
          "end": { "line": 111, "column": null }
        },
        "line": 105
      },
      "7": {
        "name": "(anonymous_7)",
        "decl": {
          "start": { "line": 120, "column": 4 },
          "end": { "line": 120, "column": 5 }
        },
        "loc": {
          "start": { "line": 120, "column": 31 },
          "end": { "line": 124, "column": null }
        },
        "line": 120
      },
      "8": {
        "name": "(anonymous_8)",
        "decl": {
          "start": { "line": 185, "column": 35 },
          "end": { "line": 185, "column": 46 }
        },
        "loc": {
          "start": { "line": 185, "column": 46 },
          "end": { "line": 185, "column": null }
        },
        "line": 185
      },
      "9": {
        "name": "(anonymous_9)",
        "decl": {
          "start": { "line": 238, "column": 23 },
          "end": { "line": 238, "column": 29 }
        },
        "loc": {
          "start": { "line": 238, "column": 29 },
          "end": { "line": 238, "column": null }
        },
        "line": 238
      }
    },
    "branchMap": {
      "0": {
        "loc": {
          "start": { "line": 60, "column": 4 },
          "end": { "line": 60, "column": null }
        },
        "type": "if",
        "locations": [
          {
            "start": { "line": 60, "column": 4 },
            "end": { "line": 60, "column": null }
          },
          { "start": {}, "end": {} }
        ],
        "line": 60
      },
      "1": {
        "loc": {
          "start": { "line": 68, "column": 6 },
          "end": { "line": 71, "column": null }
        },
        "type": "if",
        "locations": [
          {
            "start": { "line": 68, "column": 6 },
            "end": { "line": 71, "column": null }
          },
          { "start": {}, "end": {} }
        ],
        "line": 68
      },
      "2": {
        "loc": {
          "start": { "line": 79, "column": 10 },
          "end": { "line": 82, "column": null }
        },
        "type": "if",
        "locations": [
          {
            "start": { "line": 79, "column": 10 },
            "end": { "line": 82, "column": null }
          },
          { "start": {}, "end": {} }
        ],
        "line": 79
      },
      "3": {
        "loc": {
          "start": { "line": 85, "column": 10 },
          "end": { "line": 93, "column": null }
        },
        "type": "if",
        "locations": [
          {
            "start": { "line": 85, "column": 10 },
            "end": { "line": 93, "column": null }
          },
          {
            "start": { "line": 91, "column": 17 },
            "end": { "line": 93, "column": null }
          }
        ],
        "line": 85
      },
      "4": {
        "loc": {
          "start": { "line": 99, "column": 10 },
          "end": { "line": 101, "column": null }
        },
        "type": "if",
        "locations": [
          {
            "start": { "line": 99, "column": 10 },
            "end": { "line": 101, "column": null }
          },
          { "start": {}, "end": {} }
        ],
        "line": 99
      },
      "5": {
        "loc": {
          "start": { "line": 108, "column": 8 },
          "end": { "line": 110, "column": null }
        },
        "type": "if",
        "locations": [
          {
            "start": { "line": 108, "column": 8 },
            "end": { "line": 110, "column": null }
          },
          { "start": {}, "end": {} }
        ],
        "line": 108
      },
      "6": {
        "loc": {
          "start": { "line": 121, "column": 6 },
          "end": { "line": 123, "column": null }
        },
        "type": "if",
        "locations": [
          {
            "start": { "line": 121, "column": 6 },
            "end": { "line": 123, "column": null }
          },
          { "start": {}, "end": {} }
        ],
        "line": 121
      },
      "7": {
        "loc": {
          "start": { "line": 147, "column": 11 },
          "end": { "line": 147, "column": null }
        },
        "type": "cond-expr",
        "locations": [
          {
            "start": { "line": 147, "column": 25 },
            "end": { "line": 147, "column": 40 }
          },
          {
            "start": { "line": 147, "column": 40 },
            "end": { "line": 147, "column": null }
          }
        ],
        "line": 147
      },
      "8": {
        "loc": {
          "start": { "line": 157, "column": 11 },
          "end": { "line": 157, "column": null }
        },
        "type": "cond-expr",
        "locations": [
          {
            "start": { "line": 157, "column": 25 },
            "end": { "line": 157, "column": 39 }
          },
          {
            "start": { "line": 157, "column": 39 },
            "end": { "line": 157, "column": null }
          }
        ],
        "line": 157
      },
      "9": {
        "loc": {
          "start": { "line": 194, "column": 19 },
          "end": { "line": 196, "column": null }
        },
        "type": "cond-expr",
        "locations": [
          {
            "start": { "line": 195, "column": 22 },
            "end": { "line": 195, "column": null }
          },
          {
            "start": { "line": 196, "column": 22 },
            "end": { "line": 196, "column": null }
          }
        ],
        "line": 194
      },
      "10": {
        "loc": {
          "start": { "line": 204, "column": 18 },
          "end": { "line": 206, "column": null }
        },
        "type": "cond-expr",
        "locations": [
          {
            "start": { "line": 205, "column": 22 },
            "end": { "line": 205, "column": null }
          },
          {
            "start": { "line": 206, "column": 22 },
            "end": { "line": 206, "column": null }
          }
        ],
        "line": 204
      },
      "11": {
        "loc": {
          "start": { "line": 212, "column": 19 },
          "end": { "line": 214, "column": null }
        },
        "type": "cond-expr",
        "locations": [
          {
            "start": { "line": 213, "column": 22 },
            "end": { "line": 213, "column": null }
          },
          {
            "start": { "line": 214, "column": 22 },
            "end": { "line": 214, "column": null }
          }
        ],
        "line": 212
      },
      "12": {
        "loc": {
          "start": { "line": 222, "column": 25 },
          "end": { "line": 222, "column": null }
        },
        "type": "cond-expr",
        "locations": [
          {
            "start": { "line": 222, "column": 37 },
            "end": { "line": 222, "column": 49 }
          },
          {
            "start": { "line": 222, "column": 49 },
            "end": { "line": 222, "column": null }
          }
        ],
        "line": 222
      },
      "13": {
        "loc": {
          "start": { "line": 226, "column": 29 },
          "end": { "line": 226, "column": 53 }
        },
        "type": "cond-expr",
        "locations": [
          {
            "start": { "line": 226, "column": 41 },
            "end": { "line": 226, "column": 48 }
          },
          {
            "start": { "line": 226, "column": 48 },
            "end": { "line": 226, "column": 53 }
          }
        ],
        "line": 226
      },
      "14": {
        "loc": {
          "start": { "line": 228, "column": 19 },
          "end": { "line": 230, "column": null }
        },
        "type": "cond-expr",
        "locations": [
          {
            "start": { "line": 229, "column": 22 },
            "end": { "line": 229, "column": null }
          },
          {
            "start": { "line": 230, "column": 22 },
            "end": { "line": 230, "column": null }
          }
        ],
        "line": 228
      }
    },
    "s": {
      "0": 1,
      "1": 45,
      "2": 45,
      "3": 45,
      "4": 45,
      "5": 45,
      "6": 45,
      "7": 2,
      "8": 2,
      "9": 2,
      "10": 1,
      "11": 1,
      "12": 1,
      "13": 1,
      "14": 1,
      "15": 1,
      "16": 1,
      "17": 2,
      "18": 45,
      "19": 5,
      "20": 45,
      "21": 10,
      "22": 10,
      "23": 1,
      "24": 9,
      "25": 45,
      "26": 10,
      "27": 1,
      "28": 1,
      "29": 9,
      "30": 9,
      "31": 9,
      "32": 7,
      "33": 7,
      "34": 7,
      "35": 1,
      "36": 1,
      "37": 6,
      "38": 5,
      "39": 4,
      "40": 4,
      "41": 4,
      "42": 1,
      "43": 1,
      "44": 1,
      "45": 7,
      "46": 7,
      "47": 6,
      "48": 9,
      "49": 2,
      "50": 2,
      "51": 2,
      "52": 1,
      "53": 9,
      "54": 45,
      "55": 2,
      "56": 1,
      "57": 45,
      "58": 45,
      "59": 1,
      "60": 1
    },
    "f": {
      "0": 45,
      "1": 2,
      "2": 5,
      "3": 10,
      "4": 10,
      "5": 7,
      "6": 2,
      "7": 2,
      "8": 1,
      "9": 1
    },
    "b": {
      "0": [1, 9],
      "1": [1, 9],
      "2": [1, 6],
      "3": [4, 1],
      "4": [6, 1],
      "5": [1, 1],
      "6": [1, 1],
      "7": [2, 43],
      "8": [6, 39],
      "9": [42, 3],
      "10": [1, 44],
      "11": [1, 44],
      "12": [42, 3],
      "13": [42, 3],
      "14": [42, 3]
    },
    "meta": {
      "lastBranch": 15,
      "lastFunction": 10,
      "lastStatement": 61,
      "seen": {
        "s:24:46:249:Infinity": 0,
        "f:24:46:24:52": 0,
        "s:25:36:25:Infinity": 1,
        "s:26:36:26:Infinity": 2,
        "s:27:46:27:Infinity": 3,
        "s:28:8:28:Infinity": 4,
        "s:29:32:29:Infinity": 5,
        "s:32:23:50:Infinity": 6,
        "f:32:23:32:35": 1,
        "s:33:4:49:Infinity": 7,
        "s:34:6:34:Infinity": 8,
        "s:35:19:35:Infinity": 9,
        "s:38:19:38:Infinity": 10,
        "s:39:28:39:Infinity": 11,
        "s:40:23:40:Infinity": 12,
        "s:42:6:42:Infinity": 13,
        "s:43:6:43:Infinity": 14,
        "s:45:6:45:Infinity": 15,
        "s:46:6:46:Infinity": 16,
        "s:48:6:48:Infinity": 17,
        "s:53:33:55:Infinity": 18,
        "f:53:33:53:39": 2,
        "s:54:4:54:Infinity": 19,
        "s:58:27:63:Infinity": 20,
        "f:58:27:58:28": 3,
        "s:59:17:59:Infinity": 21,
        "b:60:4:60:Infinity:undefined:undefined:undefined:undefined": 0,
        "s:60:4:60:Infinity": 22,
        "s:60:15:60:Infinity": 23,
        "s:62:4:62:Infinity": 24,
        "s:66:8:116:Infinity": 25,
        "f:67:4:67:5": 4,
        "b:68:6:71:Infinity:undefined:undefined:undefined:undefined": 1,
        "s:68:6:71:Infinity": 26,
        "s:69:8:69:Infinity": 27,
        "s:70:8:70:Infinity": 28,
        "s:73:6:73:Infinity": 29,
        "s:75:21:75:Infinity": 30,
        "s:76:6:103:Infinity": 31,
        "f:76:22:76:28": 5,
        "s:77:8:102:Infinity": 32,
        "s:78:26:78:Infinity": 33,
        "b:79:10:82:Infinity:undefined:undefined:undefined:undefined": 2,
        "s:79:10:82:Infinity": 34,
        "s:80:12:80:Infinity": 35,
        "s:81:12:81:Infinity": 36,
        "s:84:25:84:Infinity": 37,
        "b:85:10:93:Infinity:91:17:93:Infinity": 3,
        "s:85:10:93:Infinity": 38,
        "s:86:12:86:Infinity": 39,
        "s:87:12:87:Infinity": 40,
        "s:90:12:90:Infinity": 41,
        "s:92:12:92:Infinity": 42,
        "s:95:10:95:Infinity": 43,
        "s:96:10:96:Infinity": 44,
        "s:98:10:98:Infinity": 45,
        "b:99:10:101:Infinity:undefined:undefined:undefined:undefined": 4,
        "s:99:10:101:Infinity": 46,
        "s:100:12:100:Infinity": 47,
        "s:105:6:111:Infinity": 48,
        "f:105:23:105:29": 6,
        "s:106:8:106:Infinity": 49,
        "s:107:8:107:Infinity": 50,
        "b:108:8:110:Infinity:undefined:undefined:undefined:undefined": 5,
        "s:108:8:110:Infinity": 51,
        "s:109:10:109:Infinity": 52,
        "s:113:6:113:Infinity": 53,
        "s:119:8:126:Infinity": 54,
        "f:120:4:120:5": 7,
        "b:121:6:123:Infinity:undefined:undefined:undefined:undefined": 6,
        "s:121:6:123:Infinity": 55,
        "s:122:8:122:Infinity": 56,
        "s:128:52:135:Infinity": 57,
        "s:137:2:247:Infinity": 58,
        "b:147:25:147:40:147:40:147:Infinity": 7,
        "b:157:25:157:39:157:39:157:Infinity": 8,
        "f:185:35:185:46": 8,
        "s:185:46:185:Infinity": 59,
        "b:195:22:195:Infinity:196:22:196:Infinity": 9,
        "b:205:22:205:Infinity:206:22:206:Infinity": 10,
        "b:213:22:213:Infinity:214:22:214:Infinity": 11,
        "b:222:37:222:49:222:49:222:Infinity": 12,
        "b:226:41:226:48:226:48:226:53": 13,
        "b:229:22:229:Infinity:230:22:230:Infinity": 14,
        "f:238:23:238:29": 9,
        "s:238:29:238:Infinity": 60
      }
    }
  },
  "/Users/tarou/Desktop/TABBIN/features/options/hooks/useCategories.ts": {
    "path": "/Users/tarou/Desktop/TABBIN/features/options/hooks/useCategories.ts",
    "statementMap": {
      "0": {
        "start": { "line": 10, "column": 27 },
        "end": { "line": 12, "column": null }
      },
      "1": {
        "start": { "line": 14, "column": 29 },
        "end": { "line": 115, "column": null }
      },
      "2": {
        "start": { "line": 15, "column": 46 },
        "end": { "line": 15, "column": null }
      },
      "3": {
        "start": { "line": 16, "column": 44 },
        "end": { "line": 16, "column": null }
      },
      "4": {
        "start": { "line": 17, "column": 40 },
        "end": { "line": 17, "column": null }
      },
      "5": {
        "start": { "line": 19, "column": 2 },
        "end": { "line": 52, "column": null }
      },
      "6": {
        "start": { "line": 20, "column": 27 },
        "end": { "line": 27, "column": null }
      },
      "7": {
        "start": { "line": 21, "column": 6 },
        "end": { "line": 26, "column": null }
      },
      "8": {
        "start": { "line": 22, "column": 27 },
        "end": { "line": 22, "column": null }
      },
      "9": {
        "start": { "line": 23, "column": 8 },
        "end": { "line": 23, "column": null }
      },
      "10": {
        "start": { "line": 25, "column": 8 },
        "end": { "line": 25, "column": null }
      },
      "11": {
        "start": { "line": 29, "column": 4 },
        "end": { "line": 29, "column": null }
      },
      "12": {
        "start": { "line": 31, "column": 34 },
        "end": { "line": 45, "column": null }
      },
      "13": {
        "start": { "line": 35, "column": 6 },
        "end": { "line": 44, "column": null }
      },
      "14": {
        "start": { "line": 36, "column": 8 },
        "end": { "line": 43, "column": null }
      },
      "15": {
        "start": { "line": 37, "column": 39 },
        "end": { "line": 41, "column": null }
      },
      "16": {
        "start": { "line": 42, "column": 10 },
        "end": { "line": 42, "column": null }
      },
      "17": {
        "start": { "line": 47, "column": 4 },
        "end": { "line": 47, "column": null }
      },
      "18": {
        "start": { "line": 49, "column": 4 },
        "end": { "line": 51, "column": null }
      },
      "19": {
        "start": { "line": 50, "column": 6 },
        "end": { "line": 50, "column": null }
      },
      "20": {
        "start": { "line": 55, "column": 28 },
        "end": { "line": 91, "column": null }
      },
      "21": {
        "start": { "line": 56, "column": 4 },
        "end": { "line": 89, "column": null }
      },
      "22": {
        "start": { "line": 58, "column": 31 },
        "end": { "line": 60, "column": null }
      },
      "23": {
        "start": { "line": 61, "column": 6 },
        "end": { "line": 65, "column": null }
      },
      "24": {
        "start": { "line": 62, "column": 8 },
        "end": { "line": 62, "column": null }
      },
      "25": {
        "start": { "line": 63, "column": 8 },
        "end": { "line": 63, "column": null }
      },
      "26": {
        "start": { "line": 63, "column": 25 },
        "end": { "line": 63, "column": 49 }
      },
      "27": {
        "start": { "line": 64, "column": 8 },
        "end": { "line": 64, "column": null }
      },
      "28": {
        "start": { "line": 68, "column": 26 },
        "end": { "line": 70, "column": null }
      },
      "29": {
        "start": { "line": 69, "column": 15 },
        "end": { "line": 69, "column": null }
      },
      "30": {
        "start": { "line": 72, "column": 6 },
        "end": { "line": 76, "column": null }
      },
      "31": {
        "start": { "line": 73, "column": 8 },
        "end": { "line": 73, "column": null }
      },
      "32": {
        "start": { "line": 74, "column": 8 },
        "end": { "line": 74, "column": null }
      },
      "33": {
        "start": { "line": 74, "column": 25 },
        "end": { "line": 74, "column": 49 }
      },
      "34": {
        "start": { "line": 75, "column": 8 },
        "end": { "line": 75, "column": null }
      },
      "35": {
        "start": { "line": 78, "column": 6 },
        "end": { "line": 88, "column": null }
      },
      "36": {
        "start": { "line": 79, "column": 8 },
        "end": { "line": 79, "column": null }
      },
      "37": {
        "start": { "line": 80, "column": 8 },
        "end": { "line": 80, "column": null }
      },
      "38": {
        "start": { "line": 81, "column": 8 },
        "end": { "line": 81, "column": null }
      },
      "39": {
        "start": { "line": 82, "column": 8 },
        "end": { "line": 82, "column": null }
      },
      "40": {
        "start": { "line": 84, "column": 8 },
        "end": { "line": 84, "column": null }
      },
      "41": {
        "start": { "line": 85, "column": 8 },
        "end": { "line": 85, "column": null }
      },
      "42": {
        "start": { "line": 86, "column": 8 },
        "end": { "line": 86, "column": null }
      },
      "43": {
        "start": { "line": 86, "column": 25 },
        "end": { "line": 86, "column": 49 }
      },
      "44": {
        "start": { "line": 87, "column": 8 },
        "end": { "line": 87, "column": null }
      },
      "45": {
        "start": { "line": 90, "column": 4 },
        "end": { "line": 90, "column": null }
      },
      "46": {
        "start": { "line": 94, "column": 32 },
        "end": { "line": 104, "column": null }
      },
      "47": {
        "start": { "line": 97, "column": 4 },
        "end": { "line": 103, "column": null }
      },
      "48": {
        "start": { "line": 98, "column": 6 },
        "end": { "line": 98, "column": null }
      },
      "49": {
        "start": { "line": 100, "column": 6 },
        "end": { "line": 102, "column": null }
      },
      "50": {
        "start": { "line": 101, "column": 8 },
        "end": { "line": 101, "column": null }
      },
      "51": {
        "start": { "line": 106, "column": 2 },
        "end": { "line": 114, "column": null }
      }
    },
    "fnMap": {
      "0": {
        "name": "(anonymous_0)",
        "decl": {
          "start": { "line": 14, "column": 29 },
          "end": { "line": 14, "column": 35 }
        },
        "loc": {
          "start": { "line": 14, "column": 35 },
          "end": { "line": 115, "column": null }
        },
        "line": 14
      },
      "1": {
        "name": "(anonymous_1)",
        "decl": {
          "start": { "line": 19, "column": 12 },
          "end": { "line": 19, "column": 18 }
        },
        "loc": {
          "start": { "line": 19, "column": 18 },
          "end": { "line": 52, "column": 5 }
        },
        "line": 19
      },
      "2": {
        "name": "(anonymous_2)",
        "decl": {
          "start": { "line": 20, "column": 27 },
          "end": { "line": 20, "column": 39 }
        },
        "loc": {
          "start": { "line": 20, "column": 39 },
          "end": { "line": 27, "column": null }
        },
        "line": 20
      },
      "3": {
        "name": "(anonymous_3)",
        "decl": {
          "start": { "line": 31, "column": 34 },
          "end": { "line": 31, "column": null }
        },
        "loc": {
          "start": { "line": 34, "column": 9 },
          "end": { "line": 45, "column": null }
        },
        "line": 34
      },
      "4": {
        "name": "(anonymous_4)",
        "decl": {
          "start": { "line": 49, "column": 11 },
          "end": { "line": 49, "column": 17 }
        },
        "loc": {
          "start": { "line": 49, "column": 17 },
          "end": { "line": 51, "column": null }
        },
        "line": 49
      },
      "5": {
        "name": "(anonymous_5)",
        "decl": {
          "start": { "line": 55, "column": 28 },
          "end": { "line": 55, "column": 40 }
        },
        "loc": {
          "start": { "line": 55, "column": 40 },
          "end": { "line": 91, "column": null }
        },
        "line": 55
      },
      "6": {
        "name": "(anonymous_6)",
        "decl": {
          "start": { "line": 63, "column": 19 },
          "end": { "line": 63, "column": 25 }
        },
        "loc": {
          "start": { "line": 63, "column": 25 },
          "end": { "line": 63, "column": 49 }
        },
        "line": 63
      },
      "7": {
        "name": "(anonymous_7)",
        "decl": {
          "start": { "line": 69, "column": 8 },
          "end": { "line": 69, "column": 15 }
        },
        "loc": {
          "start": { "line": 69, "column": 15 },
          "end": { "line": 69, "column": null }
        },
        "line": 69
      },
      "8": {
        "name": "(anonymous_8)",
        "decl": {
          "start": { "line": 74, "column": 19 },
          "end": { "line": 74, "column": 25 }
        },
        "loc": {
          "start": { "line": 74, "column": 25 },
          "end": { "line": 74, "column": 49 }
        },
        "line": 74
      },
      "9": {
        "name": "(anonymous_9)",
        "decl": {
          "start": { "line": 86, "column": 19 },
          "end": { "line": 86, "column": 25 }
        },
        "loc": {
          "start": { "line": 86, "column": 25 },
          "end": { "line": 86, "column": 49 }
        },
        "line": 86
      },
      "10": {
        "name": "(anonymous_10)",
        "decl": {
          "start": { "line": 94, "column": 32 },
          "end": { "line": 94, "column": null }
        },
        "loc": {
          "start": { "line": 96, "column": 7 },
          "end": { "line": 104, "column": null }
        },
        "line": 96
      }
    },
    "branchMap": {
      "0": {
        "loc": {
          "start": { "line": 35, "column": 6 },
          "end": { "line": 44, "column": null }
        },
        "type": "if",
        "locations": [
          {
            "start": { "line": 35, "column": 6 },
            "end": { "line": 44, "column": null }
          },
          { "start": {}, "end": {} }
        ],
        "line": 35
      },
      "1": {
        "loc": {
          "start": { "line": 36, "column": 8 },
          "end": { "line": 43, "column": null }
        },
        "type": "if",
        "locations": [
          {
            "start": { "line": 36, "column": 8 },
            "end": { "line": 43, "column": null }
          },
          { "start": {}, "end": {} }
        ],
        "line": 36
      },
      "2": {
        "loc": {
          "start": { "line": 37, "column": 39 },
          "end": { "line": 41, "column": null }
        },
        "type": "cond-expr",
        "locations": [
          {
            "start": { "line": 40, "column": 15 },
            "end": { "line": 40, "column": null }
          },
          {
            "start": { "line": 41, "column": 14 },
            "end": { "line": 41, "column": null }
          }
        ],
        "line": 37
      },
      "3": {
        "loc": {
          "start": { "line": 56, "column": 4 },
          "end": { "line": 89, "column": null }
        },
        "type": "if",
        "locations": [
          {
            "start": { "line": 56, "column": 4 },
            "end": { "line": 89, "column": null }
          },
          { "start": {}, "end": {} }
        ],
        "line": 56
      },
      "4": {
        "loc": {
          "start": { "line": 61, "column": 6 },
          "end": { "line": 65, "column": null }
        },
        "type": "if",
        "locations": [
          {
            "start": { "line": 61, "column": 6 },
            "end": { "line": 65, "column": null }
          },
          { "start": {}, "end": {} }
        ],
        "line": 61
      },
      "5": {
        "loc": {
          "start": { "line": 72, "column": 6 },
          "end": { "line": 76, "column": null }
        },
        "type": "if",
        "locations": [
          {
            "start": { "line": 72, "column": 6 },
            "end": { "line": 76, "column": null }
          },
          { "start": {}, "end": {} }
        ],
        "line": 72
      },
      "6": {
        "loc": {
          "start": { "line": 97, "column": 4 },
          "end": { "line": 103, "column": null }
        },
        "type": "if",
        "locations": [
          {
            "start": { "line": 97, "column": 4 },
            "end": { "line": 103, "column": null }
          },
          { "start": {}, "end": {} }
        ],
        "line": 97
      },
      "7": {
        "loc": {
          "start": { "line": 100, "column": 6 },
          "end": { "line": 102, "column": null }
        },
        "type": "if",
        "locations": [
          {
            "start": { "line": 100, "column": 6 },
            "end": { "line": 102, "column": null }
          },
          { "start": {}, "end": {} }
        ],
        "line": 100
      }
    },
    "s": {
      "0": 2,
      "1": 2,
      "2": 44,
      "3": 44,
      "4": 44,
      "5": 44,
      "6": 15,
      "7": 15,
      "8": 15,
      "9": 14,
      "10": 1,
      "11": 15,
      "12": 15,
      "13": 4,
      "14": 3,
      "15": 2,
      "16": 2,
      "17": 15,
      "18": 15,
      "19": 1,
      "20": 44,
      "21": 6,
      "22": 5,
      "23": 5,
      "24": 1,
      "25": 1,
      "26": 0,
      "27": 1,
      "28": 4,
      "29": 1,
      "30": 4,
      "31": 1,
      "32": 1,
      "33": 0,
      "34": 1,
      "35": 3,
      "36": 3,
      "37": 2,
      "38": 2,
      "39": 2,
      "40": 1,
      "41": 1,
      "42": 1,
      "43": 1,
      "44": 1,
      "45": 1,
      "46": 44,
      "47": 3,
      "48": 2,
      "49": 2,
      "50": 1,
      "51": 44
    },
    "f": {
      "0": 44,
      "1": 15,
      "2": 15,
      "3": 4,
      "4": 1,
      "5": 6,
      "6": 0,
      "7": 1,
      "8": 0,
      "9": 1,
      "10": 3
    },
    "b": {
      "0": [3, 1],
      "1": [2, 1],
      "2": [1, 1],
      "3": [5, 1],
      "4": [1, 4],
      "5": [1, 3],
      "6": [2, 1],
      "7": [1, 1]
    },
    "meta": {
      "lastBranch": 8,
      "lastFunction": 11,
      "lastStatement": 52,
      "seen": {
        "s:10:27:12:Infinity": 0,
        "s:14:29:115:Infinity": 1,
        "f:14:29:14:35": 0,
        "s:15:46:15:Infinity": 2,
        "s:16:44:16:Infinity": 3,
        "s:17:40:17:Infinity": 4,
        "s:19:2:52:Infinity": 5,
        "f:19:12:19:18": 1,
        "s:20:27:27:Infinity": 6,
        "f:20:27:20:39": 2,
        "s:21:6:26:Infinity": 7,
        "s:22:27:22:Infinity": 8,
        "s:23:8:23:Infinity": 9,
        "s:25:8:25:Infinity": 10,
        "s:29:4:29:Infinity": 11,
        "s:31:34:45:Infinity": 12,
        "f:31:34:31:Infinity": 3,
        "b:35:6:44:Infinity:undefined:undefined:undefined:undefined": 0,
        "s:35:6:44:Infinity": 13,
        "b:36:8:43:Infinity:undefined:undefined:undefined:undefined": 1,
        "s:36:8:43:Infinity": 14,
        "s:37:39:41:Infinity": 15,
        "b:40:15:40:Infinity:41:14:41:Infinity": 2,
        "s:42:10:42:Infinity": 16,
        "s:47:4:47:Infinity": 17,
        "s:49:4:51:Infinity": 18,
        "f:49:11:49:17": 4,
        "s:50:6:50:Infinity": 19,
        "s:55:28:91:Infinity": 20,
        "f:55:28:55:40": 5,
        "b:56:4:89:Infinity:undefined:undefined:undefined:undefined": 3,
        "s:56:4:89:Infinity": 21,
        "s:58:31:60:Infinity": 22,
        "b:61:6:65:Infinity:undefined:undefined:undefined:undefined": 4,
        "s:61:6:65:Infinity": 23,
        "s:62:8:62:Infinity": 24,
        "s:63:8:63:Infinity": 25,
        "f:63:19:63:25": 6,
        "s:63:25:63:49": 26,
        "s:64:8:64:Infinity": 27,
        "s:68:26:70:Infinity": 28,
        "f:69:8:69:15": 7,
        "s:69:15:69:Infinity": 29,
        "b:72:6:76:Infinity:undefined:undefined:undefined:undefined": 5,
        "s:72:6:76:Infinity": 30,
        "s:73:8:73:Infinity": 31,
        "s:74:8:74:Infinity": 32,
        "f:74:19:74:25": 8,
        "s:74:25:74:49": 33,
        "s:75:8:75:Infinity": 34,
        "s:78:6:88:Infinity": 35,
        "s:79:8:79:Infinity": 36,
        "s:80:8:80:Infinity": 37,
        "s:81:8:81:Infinity": 38,
        "s:82:8:82:Infinity": 39,
        "s:84:8:84:Infinity": 40,
        "s:85:8:85:Infinity": 41,
        "s:86:8:86:Infinity": 42,
        "f:86:19:86:25": 9,
        "s:86:25:86:49": 43,
        "s:87:8:87:Infinity": 44,
        "s:90:4:90:Infinity": 45,
        "s:94:32:104:Infinity": 46,
        "f:94:32:94:Infinity": 10,
        "b:97:4:103:Infinity:undefined:undefined:undefined:undefined": 6,
        "s:97:4:103:Infinity": 47,
        "s:98:6:98:Infinity": 48,
        "b:100:6:102:Infinity:undefined:undefined:undefined:undefined": 7,
        "s:100:6:102:Infinity": 49,
        "s:101:8:101:Infinity": 50,
        "s:106:2:114:Infinity": 51
      }
    }
  },
  "/Users/tarou/Desktop/TABBIN/features/options/hooks/useSettings.ts": {
    "path": "/Users/tarou/Desktop/TABBIN/features/options/hooks/useSettings.ts",
    "statementMap": {
      "0": {
        "start": { "line": 9, "column": 27 },
        "end": { "line": 111, "column": null }
      },
      "1": {
        "start": { "line": 10, "column": 30 },
        "end": { "line": 10, "column": null }
      },
      "2": {
        "start": { "line": 11, "column": 32 },
        "end": { "line": 11, "column": null }
      },
      "3": {
        "start": { "line": 13, "column": 2 },
        "end": { "line": 53, "column": null }
      },
      "4": {
        "start": { "line": 14, "column": 25 },
        "end": { "line": 25, "column": null }
      },
      "5": {
        "start": { "line": 15, "column": 6 },
        "end": { "line": 15, "column": null }
      },
      "6": {
        "start": { "line": 16, "column": 6 },
        "end": { "line": 24, "column": null }
      },
      "7": {
        "start": { "line": 17, "column": 29 },
        "end": { "line": 17, "column": null }
      },
      "8": {
        "start": { "line": 18, "column": 8 },
        "end": { "line": 18, "column": null }
      },
      "9": {
        "start": { "line": 20, "column": 8 },
        "end": { "line": 20, "column": null }
      },
      "10": {
        "start": { "line": 21, "column": 8 },
        "end": { "line": 21, "column": null }
      },
      "11": {
        "start": { "line": 23, "column": 8 },
        "end": { "line": 23, "column": null }
      },
      "12": {
        "start": { "line": 27, "column": 4 },
        "end": { "line": 27, "column": null }
      },
      "13": {
        "start": { "line": 29, "column": 34 },
        "end": { "line": 45, "column": null }
      },
      "14": {
        "start": { "line": 33, "column": 6 },
        "end": { "line": 44, "column": null }
      },
      "15": {
        "start": { "line": 34, "column": 8 },
        "end": { "line": 43, "column": null }
      },
      "16": {
        "start": { "line": 35, "column": 10 },
        "end": { "line": 42, "column": null }
      },
      "17": {
        "start": { "line": 37, "column": 12 },
        "end": { "line": 37, "column": null }
      },
      "18": {
        "start": { "line": 41, "column": 12 },
        "end": { "line": 41, "column": null }
      },
      "19": {
        "start": { "line": 47, "column": 4 },
        "end": { "line": 47, "column": null }
      },
      "20": {
        "start": { "line": 50, "column": 4 },
        "end": { "line": 52, "column": null }
      },
      "21": {
        "start": { "line": 51, "column": 6 },
        "end": { "line": 51, "column": null }
      },
      "22": {
        "start": { "line": 55, "column": 29 },
        "end": { "line": 66, "column": null }
      },
      "23": {
        "start": { "line": 56, "column": 4 },
        "end": { "line": 65, "column": null }
      },
      "24": {
        "start": { "line": 58, "column": 28 },
        "end": { "line": 61, "column": null }
      },
      "25": {
        "start": { "line": 60, "column": 62 },
        "end": { "line": 60, "column": 70 }
      },
      "26": {
        "start": { "line": 62, "column": 6 },
        "end": { "line": 62, "column": null }
      },
      "27": {
        "start": { "line": 64, "column": 6 },
        "end": { "line": 64, "column": null }
      },
      "28": {
        "start": { "line": 68, "column": 24 },
        "end": { "line": 85, "column": null }
      },
      "29": {
        "start": { "line": 72, "column": 4 },
        "end": { "line": 84, "column": null }
      },
      "30": {
        "start": { "line": 73, "column": 26 },
        "end": { "line": 76, "column": null }
      },
      "31": {
        "start": { "line": 78, "column": 6 },
        "end": { "line": 78, "column": null }
      },
      "32": {
        "start": { "line": 79, "column": 6 },
        "end": { "line": 79, "column": null }
      },
      "33": {
        "start": { "line": 80, "column": 6 },
        "end": { "line": 80, "column": null }
      },
      "34": {
        "start": { "line": 82, "column": 6 },
        "end": { "line": 82, "column": null }
      },
      "35": {
        "start": { "line": 83, "column": 6 },
        "end": { "line": 83, "column": null }
      },
      "36": {
        "start": { "line": 87, "column": 38 },
        "end": { "line": 96, "column": null }
      },
      "37": {
        "start": { "line": 91, "column": 21 },
        "end": { "line": 91, "column": null }
      },
      "38": {
        "start": { "line": 92, "column": 4 },
        "end": { "line": 95, "column": null }
      },
      "39": {
        "start": { "line": 92, "column": 25 },
        "end": { "line": 95, "column": 6 }
      },
      "40": {
        "start": { "line": 98, "column": 36 },
        "end": { "line": 100, "column": null }
      },
      "41": {
        "start": { "line": 99, "column": 4 },
        "end": { "line": 99, "column": null }
      },
      "42": {
        "start": { "line": 102, "column": 2 },
        "end": { "line": 110, "column": null }
      }
    },
    "fnMap": {
      "0": {
        "name": "(anonymous_0)",
        "decl": {
          "start": { "line": 9, "column": 27 },
          "end": { "line": 9, "column": 33 }
        },
        "loc": {
          "start": { "line": 9, "column": 33 },
          "end": { "line": 111, "column": null }
        },
        "line": 9
      },
      "1": {
        "name": "(anonymous_1)",
        "decl": {
          "start": { "line": 13, "column": 12 },
          "end": { "line": 13, "column": 18 }
        },
        "loc": {
          "start": { "line": 13, "column": 18 },
          "end": { "line": 53, "column": 5 }
        },
        "line": 13
      },
      "2": {
        "name": "(anonymous_2)",
        "decl": {
          "start": { "line": 14, "column": 25 },
          "end": { "line": 14, "column": 37 }
        },
        "loc": {
          "start": { "line": 14, "column": 37 },
          "end": { "line": 25, "column": null }
        },
        "line": 14
      },
      "3": {
        "name": "(anonymous_3)",
        "decl": {
          "start": { "line": 29, "column": 34 },
          "end": { "line": 29, "column": null }
        },
        "loc": {
          "start": { "line": 32, "column": 9 },
          "end": { "line": 45, "column": null }
        },
        "line": 32
      },
      "4": {
        "name": "(anonymous_4)",
        "decl": {
          "start": { "line": 50, "column": 11 },
          "end": { "line": 50, "column": 17 }
        },
        "loc": {
          "start": { "line": 50, "column": 17 },
          "end": { "line": 52, "column": null }
        },
        "line": 50
      },
      "5": {
        "name": "(anonymous_5)",
        "decl": {
          "start": { "line": 55, "column": 29 },
          "end": { "line": 55, "column": 41 }
        },
        "loc": {
          "start": { "line": 55, "column": 41 },
          "end": { "line": 66, "column": null }
        },
        "line": 55
      },
      "6": {
        "name": "(anonymous_6)",
        "decl": {
          "start": { "line": 60, "column": 57 },
          "end": { "line": 60, "column": 62 }
        },
        "loc": {
          "start": { "line": 60, "column": 62 },
          "end": { "line": 60, "column": 70 }
        },
        "line": 60
      },
      "7": {
        "name": "(anonymous_7)",
        "decl": {
          "start": { "line": 68, "column": 24 },
          "end": { "line": 68, "column": null }
        },
        "loc": {
          "start": { "line": 71, "column": 7 },
          "end": { "line": 85, "column": null }
        },
        "line": 71
      },
      "8": {
        "name": "(anonymous_8)",
        "decl": {
          "start": { "line": 87, "column": 38 },
          "end": { "line": 87, "column": null }
        },
        "loc": {
          "start": { "line": 89, "column": 7 },
          "end": { "line": 96, "column": null }
        },
        "line": 89
      },
      "9": {
        "name": "(anonymous_9)",
        "decl": {
          "start": { "line": 92, "column": 16 },
          "end": { "line": 92, "column": 25 }
        },
        "loc": {
          "start": { "line": 92, "column": 25 },
          "end": { "line": 95, "column": 6 }
        },
        "line": 92
      },
      "10": {
        "name": "(anonymous_10)",
        "decl": {
          "start": { "line": 98, "column": 36 },
          "end": { "line": 98, "column": 42 }
        },
        "loc": {
          "start": { "line": 98, "column": 42 },
          "end": { "line": 100, "column": null }
        },
        "line": 98
      }
    },
    "branchMap": {
      "0": {
        "loc": {
          "start": { "line": 33, "column": 6 },
          "end": { "line": 44, "column": null }
        },
        "type": "if",
        "locations": [
          {
            "start": { "line": 33, "column": 6 },
            "end": { "line": 44, "column": null }
          },
          { "start": {}, "end": {} }
        ],
        "line": 33
      },
      "1": {
        "loc": {
          "start": { "line": 34, "column": 8 },
          "end": { "line": 43, "column": null }
        },
        "type": "if",
        "locations": [
          {
            "start": { "line": 34, "column": 8 },
            "end": { "line": 43, "column": null }
          },
          { "start": {}, "end": {} }
        ],
        "line": 34
      },
      "2": {
        "loc": {
          "start": { "line": 35, "column": 10 },
          "end": { "line": 42, "column": null }
        },
        "type": "if",
        "locations": [
          {
            "start": { "line": 35, "column": 10 },
            "end": { "line": 42, "column": null }
          },
          {
            "start": { "line": 38, "column": 17 },
            "end": { "line": 42, "column": null }
          }
        ],
        "line": 35
      }
    },
    "s": {
      "0": 2,
      "1": 29,
      "2": 29,
      "3": 29,
      "4": 11,
      "5": 11,
      "6": 11,
      "7": 11,
      "8": 10,
      "9": 1,
      "10": 1,
      "11": 11,
      "12": 11,
      "13": 11,
      "14": 4,
      "15": 3,
      "16": 2,
      "17": 1,
      "18": 1,
      "19": 11,
      "20": 11,
      "21": 1,
      "22": 29,
      "23": 3,
      "24": 3,
      "25": 9,
      "26": 3,
      "27": 1,
      "28": 29,
      "29": 2,
      "30": 2,
      "31": 2,
      "32": 2,
      "33": 1,
      "34": 1,
      "35": 1,
      "36": 29,
      "37": 3,
      "38": 3,
      "39": 3,
      "40": 29,
      "41": 1,
      "42": 29
    },
    "f": {
      "0": 29,
      "1": 11,
      "2": 11,
      "3": 4,
      "4": 1,
      "5": 3,
      "6": 9,
      "7": 2,
      "8": 3,
      "9": 3,
      "10": 1
    },
    "b": { "0": [3, 1], "1": [2, 1], "2": [1, 1] },
    "meta": {
      "lastBranch": 3,
      "lastFunction": 11,
      "lastStatement": 43,
      "seen": {
        "s:9:27:111:Infinity": 0,
        "f:9:27:9:33": 0,
        "s:10:30:10:Infinity": 1,
        "s:11:32:11:Infinity": 2,
        "s:13:2:53:Infinity": 3,
        "f:13:12:13:18": 1,
        "s:14:25:25:Infinity": 4,
        "f:14:25:14:37": 2,
        "s:15:6:15:Infinity": 5,
        "s:16:6:24:Infinity": 6,
        "s:17:29:17:Infinity": 7,
        "s:18:8:18:Infinity": 8,
        "s:20:8:20:Infinity": 9,
        "s:21:8:21:Infinity": 10,
        "s:23:8:23:Infinity": 11,
        "s:27:4:27:Infinity": 12,
        "s:29:34:45:Infinity": 13,
        "f:29:34:29:Infinity": 3,
        "b:33:6:44:Infinity:undefined:undefined:undefined:undefined": 0,
        "s:33:6:44:Infinity": 14,
        "b:34:8:43:Infinity:undefined:undefined:undefined:undefined": 1,
        "s:34:8:43:Infinity": 15,
        "b:35:10:42:Infinity:38:17:42:Infinity": 2,
        "s:35:10:42:Infinity": 16,
        "s:37:12:37:Infinity": 17,
        "s:41:12:41:Infinity": 18,
        "s:47:4:47:Infinity": 19,
        "s:50:4:52:Infinity": 20,
        "f:50:11:50:17": 4,
        "s:51:6:51:Infinity": 21,
        "s:55:29:66:Infinity": 22,
        "f:55:29:55:41": 5,
        "s:56:4:65:Infinity": 23,
        "s:58:28:61:Infinity": 24,
        "f:60:57:60:62": 6,
        "s:60:62:60:70": 25,
        "s:62:6:62:Infinity": 26,
        "s:64:6:64:Infinity": 27,
        "s:68:24:85:Infinity": 28,
        "f:68:24:68:Infinity": 7,
        "s:72:4:84:Infinity": 29,
        "s:73:26:76:Infinity": 30,
        "s:78:6:78:Infinity": 31,
        "s:79:6:79:Infinity": 32,
        "s:80:6:80:Infinity": 33,
        "s:82:6:82:Infinity": 34,
        "s:83:6:83:Infinity": 35,
        "s:87:38:96:Infinity": 36,
        "f:87:38:87:Infinity": 8,
        "s:91:21:91:Infinity": 37,
        "s:92:4:95:Infinity": 38,
        "f:92:16:92:25": 9,
        "s:92:25:95:6": 39,
        "s:98:36:100:Infinity": 40,
        "f:98:36:98:42": 10,
        "s:99:4:99:Infinity": 41,
        "s:102:2:110:Infinity": 42
      }
    }
  },
  "/Users/tarou/Desktop/TABBIN/features/options/lib/import-export.ts": {
    "path": "/Users/tarou/Desktop/TABBIN/features/options/lib/import-export.ts",
    "statementMap": {
      "0": {
        "start": { "line": 45, "column": 25 },
        "end": { "line": 93, "column": null }
      },
      "1": {
        "start": { "line": 103, "column": 27 },
        "end": { "line": 103, "column": null }
      },
      "2": {
        "start": { "line": 104, "column": 51 },
        "end": { "line": 104, "column": null }
      },
      "3": {
        "start": { "line": 106, "column": 2 },
        "end": { "line": 126, "column": null }
      },
      "4": {
        "start": { "line": 107, "column": 4 },
        "end": { "line": 125, "column": null }
      },
      "5": {
        "start": { "line": 109, "column": 24 },
        "end": { "line": 113, "column": null }
      },
      "6": {
        "start": { "line": 115, "column": 6 },
        "end": { "line": 115, "column": null }
      },
      "7": {
        "start": { "line": 118, "column": 6 },
        "end": { "line": 120, "column": null }
      },
      "8": {
        "start": { "line": 119, "column": 8 },
        "end": { "line": 119, "column": null }
      },
      "9": {
        "start": { "line": 122, "column": 6 },
        "end": { "line": 122, "column": null }
      },
      "10": {
        "start": { "line": 124, "column": 6 },
        "end": { "line": 124, "column": null }
      },
      "11": {
        "start": { "line": 128, "column": 2 },
        "end": { "line": 132, "column": null }
      },
      "12": {
        "start": { "line": 139, "column": 30 },
        "end": { "line": 161, "column": null }
      },
      "13": {
        "start": { "line": 140, "column": 2 },
        "end": { "line": 160, "column": null }
      },
      "14": {
        "start": { "line": 141, "column": 40 },
        "end": { "line": 144, "column": null }
      },
      "15": {
        "start": { "line": 145, "column": 54 },
        "end": { "line": 145, "column": null }
      },
      "16": {
        "start": { "line": 148, "column": 35 },
        "end": { "line": 154, "column": null }
      },
      "17": {
        "start": { "line": 156, "column": 4 },
        "end": { "line": 156, "column": null }
      },
      "18": {
        "start": { "line": 158, "column": 4 },
        "end": { "line": 158, "column": null }
      },
      "19": {
        "start": { "line": 159, "column": 4 },
        "end": { "line": 159, "column": null }
      },
      "20": {
        "start": { "line": 168, "column": 30 },
        "end": { "line": 184, "column": null }
      },
      "21": {
        "start": { "line": 169, "column": 15 },
        "end": { "line": 169, "column": null }
      },
      "22": {
        "start": { "line": 170, "column": 15 },
        "end": { "line": 170, "column": null }
      },
      "23": {
        "start": { "line": 171, "column": 14 },
        "end": { "line": 171, "column": null }
      },
      "24": {
        "start": { "line": 173, "column": 12 },
        "end": { "line": 173, "column": null }
      },
      "25": {
        "start": { "line": 174, "column": 2 },
        "end": { "line": 174, "column": null }
      },
      "26": {
        "start": { "line": 175, "column": 2 },
        "end": { "line": 175, "column": null }
      },
      "27": {
        "start": { "line": 176, "column": 2 },
        "end": { "line": 176, "column": null }
      },
      "28": {
        "start": { "line": 177, "column": 2 },
        "end": { "line": 177, "column": null }
      },
      "29": {
        "start": { "line": 180, "column": 2 },
        "end": { "line": 183, "column": null }
      },
      "30": {
        "start": { "line": 181, "column": 4 },
        "end": { "line": 181, "column": null }
      },
      "31": {
        "start": { "line": 182, "column": 4 },
        "end": { "line": 182, "column": null }
      },
      "32": {
        "start": { "line": 192, "column": 30 },
        "end": { "line": 700, "column": null }
      },
      "33": {
        "start": { "line": 196, "column": 2 },
        "end": { "line": 699, "column": null }
      },
      "34": {
        "start": { "line": 198, "column": 4 },
        "end": { "line": 198, "column": null }
      },
      "35": {
        "start": { "line": 201, "column": 23 },
        "end": { "line": 201, "column": null }
      },
      "36": {
        "start": { "line": 204, "column": 29 },
        "end": { "line": 204, "column": null }
      },
      "37": {
        "start": { "line": 206, "column": 4 },
        "end": { "line": 212, "column": null }
      },
      "38": {
        "start": { "line": 207, "column": 6 },
        "end": { "line": 207, "column": null }
      },
      "39": {
        "start": { "line": 208, "column": 6 },
        "end": { "line": 211, "column": null }
      },
      "40": {
        "start": { "line": 215, "column": 25 },
        "end": { "line": 215, "column": null }
      },
      "41": {
        "start": { "line": 217, "column": 4 },
        "end": { "line": 596, "column": null }
      },
      "42": {
        "start": { "line": 220, "column": 45 },
        "end": { "line": 223, "column": null }
      },
      "43": {
        "start": { "line": 224, "column": 50 },
        "end": { "line": 228, "column": null }
      },
      "44": {
        "start": { "line": 229, "column": 38 },
        "end": { "line": 231, "column": null }
      },
      "45": {
        "start": { "line": 234, "column": 43 },
        "end": { "line": 244, "column": null }
      },
      "46": {
        "start": { "line": 247, "column": 26 },
        "end": { "line": 247, "column": null }
      },
      "47": {
        "start": { "line": 250, "column": 6 },
        "end": { "line": 252, "column": null }
      },
      "48": {
        "start": { "line": 251, "column": 8 },
        "end": { "line": 251, "column": null }
      },
      "49": {
        "start": { "line": 255, "column": 6 },
        "end": { "line": 279, "column": null }
      },
      "50": {
        "start": { "line": 256, "column": 25 },
        "end": { "line": 256, "column": null }
      },
      "51": {
        "start": { "line": 257, "column": 8 },
        "end": { "line": 278, "column": null }
      },
      "52": {
        "start": { "line": 260, "column": 10 },
        "end": { "line": 273, "column": null }
      },
      "53": {
        "start": { "line": 276, "column": 59 },
        "end": { "line": 276, "column": null }
      },
      "54": {
        "start": { "line": 277, "column": 10 },
        "end": { "line": 277, "column": null }
      },
      "55": {
        "start": { "line": 282, "column": 31 },
        "end": { "line": 282, "column": null }
      },
      "56": {
        "start": { "line": 287, "column": 29 },
        "end": { "line": 287, "column": null }
      },
      "57": {
        "start": { "line": 290, "column": 6 },
        "end": { "line": 292, "column": null }
      },
      "58": {
        "start": { "line": 291, "column": 8 },
        "end": { "line": 291, "column": null }
      },
      "59": {
        "start": { "line": 295, "column": 6 },
        "end": { "line": 564, "column": null }
      },
      "60": {
        "start": { "line": 296, "column": 28 },
        "end": { "line": 296, "column": null }
      },
      "61": {
        "start": { "line": 298, "column": 8 },
        "end": { "line": 563, "column": null }
      },
      "62": {
        "start": { "line": 300, "column": 10 },
        "end": { "line": 300, "column": null }
      },
      "63": {
        "start": { "line": 303, "column": 35 },
        "end": { "line": 305, "column": null }
      },
      "64": {
        "start": { "line": 308, "column": 42 },
        "end": { "line": 334, "column": null }
      },
      "65": {
        "start": { "line": 311, "column": 12 },
        "end": { "line": 311, "column": null }
      },
      "66": {
        "start": { "line": 311, "column": 27 },
        "end": { "line": 311, "column": null }
      },
      "67": {
        "start": { "line": 312, "column": 12 },
        "end": { "line": 333, "column": null }
      },
      "68": {
        "start": { "line": 315, "column": 18 },
        "end": { "line": 318, "column": null }
      },
      "69": {
        "start": { "line": 322, "column": 36 },
        "end": { "line": 322, "column": null }
      },
      "70": {
        "start": { "line": 326, "column": 16 },
        "end": { "line": 332, "column": null }
      },
      "71": {
        "start": { "line": 337, "column": 31 },
        "end": { "line": 337, "column": null }
      },
      "72": {
        "start": { "line": 338, "column": 41 },
        "end": { "line": 340, "column": null }
      },
      "73": {
        "start": { "line": 343, "column": 10 },
        "end": { "line": 347, "column": null }
      },
      "74": {
        "start": { "line": 344, "column": 12 },
        "end": { "line": 346, "column": null }
      },
      "75": {
        "start": { "line": 345, "column": 14 },
        "end": { "line": 345, "column": null }
      },
      "76": {
        "start": { "line": 350, "column": 10 },
        "end": { "line": 355, "column": null }
      },
      "77": {
        "start": { "line": 351, "column": 12 },
        "end": { "line": 354, "column": null }
      },
      "78": {
        "start": { "line": 358, "column": 35 },
        "end": { "line": 358, "column": null }
      },
      "79": {
        "start": { "line": 359, "column": 35 },
        "end": { "line": 361, "column": null }
      },
      "80": {
        "start": { "line": 364, "column": 29 },
        "end": { "line": 364, "column": null }
      },
      "81": {
        "start": { "line": 365, "column": 10 },
        "end": { "line": 367, "column": null }
      },
      "82": {
        "start": { "line": 366, "column": 12 },
        "end": { "line": 366, "column": null }
      },
      "83": {
        "start": { "line": 369, "column": 10 },
        "end": { "line": 387, "column": null }
      },
      "84": {
        "start": { "line": 370, "column": 12 },
        "end": { "line": 386, "column": null }
      },
      "85": {
        "start": { "line": 372, "column": 35 },
        "end": { "line": 372, "column": null }
      },
      "86": {
        "start": { "line": 373, "column": 14 },
        "end": { "line": 383, "column": null }
      },
      "87": {
        "start": { "line": 374, "column": 16 },
        "end": { "line": 382, "column": null }
[...]
        "b:402:18:402:Infinity:403:18:403:Infinity:404:18:404:Infinity:405:18:405:Infinity": 26,
        "b:407:18:410:Infinity:undefined:undefined:undefined:undefined": 27,
        "s:407:18:410:Infinity": 95,
        "s:408:20:408:Infinity": 96,
        "s:409:20:409:Infinity": 97,
        "b:411:16:418:Infinity:undefined:undefined:undefined:undefined": 28,
        "s:411:16:418:Infinity": 98,
        "b:414:18:417:Infinity:undefined:undefined:undefined:undefined": 29,
        "s:414:18:417:Infinity": 99,
        "s:415:20:415:Infinity": 100,
        "s:416:20:416:Infinity": 101,
        "b:423:12:445:Infinity:undefined:undefined:undefined:undefined": 30,
        "s:423:12:445:Infinity": 102,
        "b:423:16:423:28:423:28:423:53": 31,
        "s:424:14:444:Infinity": 103,
        "b:426:16:443:Infinity:436:16:443:Infinity": 32,
        "s:426:16:443:Infinity": 104,
        "b:427:18:427:Infinity:428:18:428:Infinity:429:18:429:Infinity:430:18:430:Infinity": 33,
        "b:432:18:435:Infinity:undefined:undefined:undefined:undefined": 34,
        "s:432:18:435:Infinity": 105,
        "s:433:20:433:Infinity": 106,
        "s:434:20:434:Infinity": 107,
        "b:436:16:443:Infinity:undefined:undefined:undefined:undefined": 35,
        "s:436:16:443:Infinity": 108,
        "b:439:18:442:Infinity:undefined:undefined:undefined:undefined": 36,
        "s:439:18:442:Infinity": 109,
        "s:440:20:440:Infinity": 110,
        "s:441:20:441:Infinity": 111,
        "s:447:12:447:Infinity": 112,
        "s:451:10:475:Infinity": 113,
        "b:459:18:459:Infinity:460:18:460:Infinity": 37,
        "b:464:14:464:46:464:46:464:Infinity": 38,
        "b:473:18:473:Infinity:474:18:474:Infinity": 39,
        "b:472:14:472:37:472:37:472:Infinity": 40,
        "b:474:18:474:41:474:41:474:Infinity": 41,
        "s:478:10:478:Infinity": 114,
        "s:481:35:483:Infinity": 115,
        "s:486:42:512:Infinity": 116,
        "f:486:42:486:Infinity": 9,
        "b:489:12:489:Infinity:undefined:undefined:undefined:undefined": 42,
        "s:489:12:489:Infinity": 117,
        "s:489:27:489:Infinity": 118,
        "s:490:12:511:Infinity": 119,
        "f:492:16:492:17": 10,
        "s:493:18:496:Infinity": 120,
        "b:493:18:493:Infinity:494:18:494:Infinity:495:18:495:Infinity:496:18:496:Infinity": 43,
        "f:498:19:498:24": 11,
        "s:500:36:500:Infinity": 121,
        "s:504:16:510:Infinity": 122,
        "b:508:22:508:Infinity:509:22:509:Infinity": 44,
        "s:515:39:546:Infinity": 123,
        "f:515:39:515:Infinity": 12,
        "b:518:12:518:Infinity:undefined:undefined:undefined:undefined": 45,
        "s:518:12:518:Infinity": 124,
        "b:518:16:518:26:518:26:518:49": 46,
        "s:518:49:518:Infinity": 125,
        "s:520:37:520:Infinity": 126,
        "s:521:28:521:Infinity": 127,
        "s:523:12:543:Infinity": 128,
        "b:525:14:542:Infinity:535:14:542:Infinity": 47,
        "s:525:14:542:Infinity": 129,
        "b:526:16:526:Infinity:527:16:527:Infinity:528:16:528:Infinity:529:16:529:Infinity": 48,
        "b:531:16:534:Infinity:undefined:undefined:undefined:undefined": 49,
        "s:531:16:534:Infinity": 130,
        "s:532:18:532:Infinity": 131,
        "s:533:18:533:Infinity": 132,
        "b:535:14:542:Infinity:undefined:undefined:undefined:undefined": 50,
        "s:535:14:542:Infinity": 133,
        "b:538:16:541:Infinity:undefined:undefined:undefined:undefined": 51,
        "s:538:16:541:Infinity": 134,
        "s:539:18:539:Infinity": 135,
        "s:540:18:540:Infinity": 136,
        "s:545:12:545:Infinity": 137,
        "s:549:10:562:Infinity": 138,
        "s:567:25:567:Infinity": 139,
        "s:570:6:574:Infinity": 140,
        "s:577:6:577:Infinity": 141,
        "s:580:30:582:Infinity": 142,
        "f:581:8:581:15": 13,
        "s:581:15:581:Infinity": 143,
        "f:581:39:581:40": 14,
        "s:581:62:581:77": 144,
        "s:585:29:587:Infinity": 145,
        "f:586:24:586:25": 15,
        "s:586:43:586:53": 146,
        "s:588:27:590:Infinity": 147,
        "f:589:8:589:15": 16,
        "s:589:15:589:Infinity": 148,
        "s:592:6:595:Infinity": 149,
        "s:605:6:609:Infinity": 150,
        "f:605:40:605:52": 17,
        "s:607:38:607:Infinity": 151,
        "s:608:8:608:Infinity": 152,
        "s:612:39:678:Infinity": 153,
        "f:613:33:613:39": 18,
        "s:614:8:614:Infinity": 154,
        "s:617:33:617:Infinity": 155,
        "s:620:56:620:Infinity": 156,
        "b:621:8:643:Infinity:undefined:undefined:undefined:undefined": 52,
        "s:621:8:643:Infinity": 157,
        "b:621:12:621:36:621:36:621:73": 53,
        "s:622:10:642:Infinity": 158,
        "b:623:12:641:Infinity:undefined:undefined:undefined:undefined": 54,
        "s:623:12:641:Infinity": 159,
        "b:624:14:624:Infinity:625:14:625:Infinity:626:14:626:Infinity:627:14:627:Infinity": 55,
        "s:630:34:630:Infinity": 160,
        "s:634:14:640:Infinity": 161,
        "b:638:20:638:Infinity:639:20:639:Infinity": 56,
        "s:646:49:646:Infinity": 162,
        "b:647:8:663:Infinity:undefined:undefined:undefined:undefined": 57,
        "s:647:8:663:Infinity": 163,
        "b:647:12:647:33:647:33:647:67": 58,
        "s:648:10:662:Infinity": 164,
        "b:650:12:661:Infinity:657:12:661:Infinity": 59,
        "s:650:12:661:Infinity": 165,
        "b:651:14:651:Infinity:652:14:652:Infinity:653:14:653:Infinity:654:14:654:Infinity": 60,
        "s:656:14:656:Infinity": 166,
        "b:657:12:661:Infinity:undefined:undefined:undefined:undefined": 61,
        "s:657:12:661:Infinity": 167,
        "s:660:14:660:Infinity": 168,
        "s:665:8:676:Infinity": 169,
        "s:680:4:684:Infinity": 170,
        "s:687:4:687:Infinity": 171,
        "s:689:4:692:Infinity": 172,
        "s:694:4:694:Infinity": 173,
        "s:695:4:698:Infinity": 174
      }
    }
  },
  "/Users/tarou/Desktop/TABBIN/features/saved-tabs/components/Footer.tsx": {
    "path": "/Users/tarou/Desktop/TABBIN/features/saved-tabs/components/Footer.tsx",
    "statementMap": {
      "0": {
        "start": { "line": 14, "column": 37 },
        "end": { "line": 61, "column": null }
      },
      "1": {
        "start": { "line": 18, "column": 2 },
        "end": { "line": 59, "column": null }
      }
    },
    "fnMap": {
      "0": {
        "name": "(anonymous_0)",
        "decl": {
          "start": { "line": 14, "column": 37 },
          "end": { "line": 14, "column": 38 }
        },
        "loc": {
          "start": { "line": 17, "column": 34 },
          "end": { "line": 61, "column": null }
        },
        "line": 17
      },
      "1": {
        "name": "(anonymous_1)",
        "decl": {
          "start": { "line": 15, "column": 29 },
          "end": { "line": 15, "column": 35 }
        },
        "loc": {
          "start": { "line": 15, "column": 35 },
          "end": { "line": 15, "column": null }
        },
        "line": 15
      },
      "2": {
        "name": "(anonymous_2)",
        "decl": {
          "start": { "line": 16, "column": 28 },
          "end": { "line": 16, "column": 34 }
        },
        "loc": {
          "start": { "line": 16, "column": 34 },
          "end": { "line": 16, "column": null }
        },
        "line": 16
      }
    },
    "branchMap": {
      "0": {
        "loc": {
          "start": { "line": 15, "column": 2 },
          "end": { "line": 15, "column": null }
        },
        "type": "default-arg",
        "locations": [
          {
            "start": { "line": 15, "column": 29 },
            "end": { "line": 15, "column": null }
          }
        ],
        "line": 15
      },
      "1": {
        "loc": {
          "start": { "line": 16, "column": 2 },
          "end": { "line": 16, "column": null }
        },
        "type": "default-arg",
        "locations": [
          {
            "start": { "line": 16, "column": 28 },
            "end": { "line": 16, "column": null }
          }
        ],
        "line": 16
      }
    },
    "s": { "0": 1, "1": 2 },
    "f": { "0": 2, "1": 1, "2": 1 },
    "b": { "0": [1], "1": [1] },
    "meta": {
      "lastBranch": 2,
      "lastFunction": 3,
      "lastStatement": 2,
      "seen": {
        "s:14:37:61:Infinity": 0,
        "f:14:37:14:38": 0,
        "b:15:29:15:Infinity": 0,
        "f:15:29:15:35": 1,
        "b:16:28:16:Infinity": 1,
        "f:16:28:16:34": 2,
        "s:18:2:59:Infinity": 1
      }
    }
  },
  "/Users/tarou/Desktop/TABBIN/features/saved-tabs/hooks/useSortOrder.ts": {
    "path": "/Users/tarou/Desktop/TABBIN/features/saved-tabs/hooks/useSortOrder.ts",
    "statementMap": {
      "0": {
        "start": { "line": 13, "column": 32 },
        "end": { "line": 13, "column": null }
      },
      "1": {
        "start": { "line": 15, "column": 8 },
        "end": { "line": 21, "column": null }
      },
      "2": {
        "start": { "line": 16, "column": 4 },
        "end": { "line": 16, "column": null }
      },
      "3": {
        "start": { "line": 16, "column": 33 },
        "end": { "line": 16, "column": null }
      },
      "4": {
        "start": { "line": 17, "column": 16 },
        "end": { "line": 17, "column": null }
      },
      "5": {
        "start": { "line": 18, "column": 4 },
        "end": { "line": 18, "column": null }
      },
      "6": {
        "start": { "line": 18, "column": 23 },
        "end": { "line": 18, "column": 57 }
      },
      "7": {
        "start": { "line": 19, "column": 4 },
        "end": { "line": 19, "column": null }
      },
      "8": {
        "start": { "line": 19, "column": 30 },
        "end": { "line": 19, "column": null }
      },
      "9": {
        "start": { "line": 20, "column": 4 },
        "end": { "line": 20, "column": null }
      },
      "10": {
        "start": { "line": 23, "column": 2 },
        "end": { "line": 23, "column": null }
      }
    },
    "fnMap": {
      "0": {
        "name": "useSortOrder",
        "decl": {
          "start": { "line": 12, "column": 16 },
          "end": { "line": 12, "column": 32 }
        },
        "loc": {
          "start": { "line": 12, "column": 73 },
          "end": { "line": 24, "column": null }
        },
        "line": 12
      },
      "1": {
        "name": "(anonymous_1)",
        "decl": {
          "start": { "line": 15, "column": 30 },
          "end": { "line": 15, "column": 36 }
        },
        "loc": {
          "start": { "line": 15, "column": 36 },
          "end": { "line": 21, "column": 5 }
        },
        "line": 15
      },
      "2": {
        "name": "(anonymous_2)",
        "decl": {
          "start": { "line": 18, "column": 13 },
          "end": { "line": 18, "column": 14 }
        },
        "loc": {
          "start": { "line": 18, "column": 23 },
          "end": { "line": 18, "column": 57 }
        },
        "line": 18
      }
    },
    "branchMap": {
      "0": {
        "loc": {
          "start": { "line": 16, "column": 4 },
          "end": { "line": 16, "column": null }
        },
        "type": "if",
        "locations": [
          {
            "start": { "line": 16, "column": 4 },
            "end": { "line": 16, "column": null }
          },
          { "start": {}, "end": {} }
        ],
        "line": 16
      },
      "1": {
        "loc": {
          "start": { "line": 19, "column": 4 },
          "end": { "line": 19, "column": null }
        },
        "type": "if",
        "locations": [
          {
            "start": { "line": 19, "column": 4 },
            "end": { "line": 19, "column": null }
          },
          { "start": {}, "end": {} }
        ],
        "line": 19
      }
    },
    "s": {
      "0": 5,
      "1": 5,
      "2": 5,
      "3": 3,
      "4": 2,
      "5": 2,
      "6": 8,
      "7": 2,
      "8": 1,
      "9": 2,
      "10": 5
    },
    "f": { "0": 5, "1": 5, "2": 8 },
    "b": { "0": [3, 2], "1": [1, 1] },
    "meta": {
      "lastBranch": 2,
      "lastFunction": 3,
      "lastStatement": 11,
      "seen": {
        "f:12:16:12:32": 0,
        "s:13:32:13:Infinity": 0,
        "s:15:8:21:Infinity": 1,
        "f:15:30:15:36": 1,
        "b:16:4:16:Infinity:undefined:undefined:undefined:undefined": 0,
        "s:16:4:16:Infinity": 2,
        "s:16:33:16:Infinity": 3,
        "s:17:16:17:Infinity": 4,
        "s:18:4:18:Infinity": 5,
        "f:18:13:18:14": 2,
        "s:18:23:18:57": 6,
        "b:19:4:19:Infinity:undefined:undefined:undefined:undefined": 1,
        "s:19:4:19:Infinity": 7,
        "s:19:30:19:Infinity": 8,
        "s:20:4:20:Infinity": 9,
        "s:23:2:23:Infinity": 10
      }
    }
  },
  "/Users/tarou/Desktop/TABBIN/lib/utils.ts": {
    "path": "/Users/tarou/Desktop/TABBIN/lib/utils.ts",
    "statementMap": {
      "0": {
        "start": { "line": 5, "column": 2 },
        "end": { "line": 5, "column": null }
      }
    },
    "fnMap": {
      "0": {
        "name": "cn",
        "decl": {
          "start": { "line": 4, "column": 16 },
          "end": { "line": 4, "column": 22 }
        },
        "loc": {
          "start": { "line": 4, "column": 44 },
          "end": { "line": 6, "column": null }
        },
        "line": 4
      }
    },
    "branchMap": {},
    "s": { "0": 351 },
    "f": { "0": 351 },
    "b": {},
    "meta": {
      "lastBranch": 0,
      "lastFunction": 1,
      "lastStatement": 1,
      "seen": { "f:4:16:4:22": 0, "s:5:2:5:Infinity": 0 }
    }
  },
  "/Users/tarou/Desktop/TABBIN/utils/isPeriodShortening.ts": {
    "path": "/Users/tarou/Desktop/TABBIN/utils/isPeriodShortening.ts",
    "statementMap": {
      "0": {
        "start": { "line": 7, "column": 2 },
        "end": { "line": 7, "column": null }
      },
      "1": {
        "start": { "line": 7, "column": 33 },
        "end": { "line": 7, "column": null }
      },
      "2": {
        "start": { "line": 10, "column": 2 },
        "end": { "line": 10, "column": null }
      },
      "3": {
        "start": { "line": 10, "column": 29 },
        "end": { "line": 10, "column": null }
      },
      "4": {
        "start": { "line": 13, "column": 27 },
        "end": { "line": 36, "column": null }
      },
      "5": {
        "start": { "line": 14, "column": 4 },
        "end": { "line": 35, "column": null }
      },
      "6": {
        "start": { "line": 16, "column": 8 },
        "end": { "line": 16, "column": null }
      },
      "7": {
        "start": { "line": 18, "column": 8 },
        "end": { "line": 18, "column": null }
      },
      "8": {
        "start": { "line": 20, "column": 8 },
        "end": { "line": 20, "column": null }
      },
      "9": {
        "start": { "line": 22, "column": 8 },
        "end": { "line": 22, "column": null }
      },
      "10": {
        "start": { "line": 24, "column": 8 },
        "end": { "line": 24, "column": null }
      },
      "11": {
        "start": { "line": 26, "column": 8 },
        "end": { "line": 26, "column": null }
      },
      "12": {
        "start": { "line": 28, "column": 8 },
        "end": { "line": 28, "column": null }
      },
      "13": {
        "start": { "line": 30, "column": 8 },
        "end": { "line": 30, "column": null }
      },
      "14": {
        "start": { "line": 32, "column": 8 },
        "end": { "line": 32, "column": null }
      },
      "15": {
        "start": { "line": 34, "column": 8 },
        "end": { "line": 34, "column": null }
      },
      "16": {
        "start": { "line": 38, "column": 2 },
        "end": { "line": 38, "column": null }
      }
    },
    "fnMap": {
      "0": {
        "name": "isPeriodShortening",
        "decl": {
          "start": { "line": 2, "column": 16 },
          "end": { "line": 2, "column": null }
        },
        "loc": {
          "start": { "line": 5, "column": 11 },
          "end": { "line": 39, "column": null }
        },
        "line": 5
      },
      "1": {
        "name": "(anonymous_1)",
        "decl": {
          "start": { "line": 13, "column": 27 },
          "end": { "line": 13, "column": 28 }
        },
        "loc": {
          "start": { "line": 13, "column": 55 },
          "end": { "line": 36, "column": null }
        },
        "line": 13
      }
    },
    "branchMap": {
      "0": {
        "loc": {
          "start": { "line": 7, "column": 2 },
          "end": { "line": 7, "column": null }
        },
        "type": "if",
        "locations": [
          {
            "start": { "line": 7, "column": 2 },
            "end": { "line": 7, "column": null }
          },
          { "start": {}, "end": {} }
        ],
        "line": 7
      },
      "1": {
        "loc": {
          "start": { "line": 10, "column": 2 },
          "end": { "line": 10, "column": null }
        },
        "type": "if",
        "locations": [
          {
            "start": { "line": 10, "column": 2 },
            "end": { "line": 10, "column": null }
          },
          { "start": {}, "end": {} }
        ],
        "line": 10
      },
      "2": {
        "loc": {
          "start": { "line": 14, "column": 4 },
          "end": { "line": 35, "column": null }
        },
        "type": "switch",
        "locations": [
          {
            "start": { "line": 15, "column": 6 },
            "end": { "line": 16, "column": null }
          },
          {
            "start": { "line": 17, "column": 6 },
            "end": { "line": 18, "column": null }
          },
          {
            "start": { "line": 19, "column": 6 },
            "end": { "line": 20, "column": null }
          },
          {
            "start": { "line": 21, "column": 6 },
            "end": { "line": 22, "column": null }
          },
          {
            "start": { "line": 23, "column": 6 },
            "end": { "line": 24, "column": null }
          },
          {
            "start": { "line": 25, "column": 6 },
            "end": { "line": 26, "column": null }
          },
          {
            "start": { "line": 27, "column": 6 },
            "end": { "line": 28, "column": null }
          },
          {
            "start": { "line": 29, "column": 6 },
            "end": { "line": 30, "column": null }
          },
          {
            "start": { "line": 31, "column": 6 },
            "end": { "line": 32, "column": null }
          },
          {
            "start": { "line": 33, "column": 6 },
            "end": { "line": 34, "column": null }
          }
        ],
        "line": 14
      }
    },
    "s": {
      "0": 13,
      "1": 1,
      "2": 12,
      "3": 1,
      "4": 11,
      "5": 22,
      "6": 2,
      "7": 2,
      "8": 2,
      "9": 4,
      "10": 3,
      "11": 1,
      "12": 2,
      "13": 2,
      "14": 2,
      "15": 2,
      "16": 11
    },
    "f": { "0": 13, "1": 22 },
    "b": { "0": [1, 12], "1": [1, 11], "2": [2, 2, 2, 4, 3, 1, 2, 2, 2, 2] },
    "meta": {
      "lastBranch": 3,
      "lastFunction": 2,
      "lastStatement": 17,
      "seen": {
        "f:2:16:2:Infinity": 0,
        "b:7:2:7:Infinity:undefined:undefined:undefined:undefined": 0,
        "s:7:2:7:Infinity": 0,
        "s:7:33:7:Infinity": 1,
        "b:10:2:10:Infinity:undefined:undefined:undefined:undefined": 1,
        "s:10:2:10:Infinity": 2,
        "s:10:29:10:Infinity": 3,
        "s:13:27:36:Infinity": 4,
        "f:13:27:13:28": 1,
        "b:15:6:16:Infinity:17:6:18:Infinity:19:6:20:Infinity:21:6:22:Infinity:23:6:24:Infinity:25:6:26:Infinity:27:6:28:Infinity:29:6:30:Infinity:31:6:32:Infinity:33:6:34:Infinity": 2,
        "s:14:4:35:Infinity": 5,
        "s:16:8:16:Infinity": 6,
        "s:18:8:18:Infinity": 7,
        "s:20:8:20:Infinity": 8,
        "s:22:8:22:Infinity": 9,
        "s:24:8:24:Infinity": 10,
        "s:26:8:26:Infinity": 11,
        "s:28:8:28:Infinity": 12,
        "s:30:8:30:Infinity": 13,
        "s:32:8:32:Infinity": 14,
        "s:34:8:34:Infinity": 15,
        "s:38:2:38:Infinity": 16
      }
    }
  }
}
